3289
1
3289
9823
1
1027
7201
2
503
1
1027
503
9471
9471
9471
9471
4341
4
8489
11
4393
2409
4414
9848
1877
782
1
23
22
5183
5841
5594
8489
17
8084
16
5802
16
3623
3764
9
7063
119
31
4054
4673
4955
32
1261
7955
4201
4272
25
3764
44
782
5183
4504
3263
7063
4465
1485
23
777
7128
2876
2724
7063
47
2876
51
20
399
6547
26
8
3
51
9366
13
49
3828
56
6782
9324
9869
8217
332
52
993
6672
8783
46
9232
63
5014
5113
5549
6259
9232
5325
1
8602
7955
8897
3263
8602
7063
4935
3878
2068
3252
25
5535
2887
4673
28
5671
6242
2229
287
4393
8428
87
39
2645
847
43
14
9734
8774
3429
50
2
2645
1018
1075
90
267
25
3
332
2645
9315
6419
4144
5108
64
302
1749
52
4379
8886
10
724
302
2108
42
203
267
51
399
25
5394
2001
27
98
44
8602
4673
5701
6765
115
267
847
332
49
8883
3664
477
3798
2097
8897
47
34
8218
28
6735
78
6279
4808
5014
8248
589
6637
6637
3572
8
757
8973
8006
90
114
120
5793
9473
91
427
4666
5969
9015
3749
1018
2753
777
119
4435
7038
5462
3606
164
4435
5355
49
126
4046
777
8952
66
102
757
5362
96
9573
70
7902
8409
3964
74
5139
21
3828
6547
3888
78
1002
9455
6888
3975
4809
6206
48
7824
4393
101
7516
3888
5183
3429
99
17
9455
53
461
76
33
36
7161
8039
3134
45
1765
7864
3975
7024
4673
235
461
108
96
7864
4144
4964
4144
5055
33
477
5362
9308
1
7019
9455
38
4663
33
4046
9
150
8218
119
1617
4369
142
109
157
121
4694
696
2229
5916
97
119
28
896
133
1178
80
32
160
152
2224
74
8039
1669
46
8463
8457
2523
9084
10
9084
964
84
7988
235
1065
3618
3252
6157
3798
3759
5327
303
3263
8883
80
9455
8452
233
6543
8302
5108
3
1037
6195
4144
361
204
3056
1765
4772
1718
8163
3056
946
126
6157
1038
68
2459
7173
3056
119
616
724
5919
4267
303
133
71
134
196
777
72
9761
181
38
137
7904
8738
8452
7271
2635
8564
4097
866
162
5014
8463
2612
1279
7566
7836
1049
75
8307
201
152
6731
74
6468
3752
3493
175
7418
7524
95
229
161
9222
5508
6836
8921
4124
8179
12
634
254
263
203
4609
2038
8575
5108
78
9015
7011
7698
4352
4658
268
774
4645
246
5362
273
6404
89
6555
898
125
6471
724
9528
424
1705
70
774
86
292
200
2549
296
147
9663
2786
6676
152
183
99
3456
2612
436
5352
5109
114
303
68
668
132
1528
8541
2483
1727
592
244
7473
7836
1299
233
182
129
8435
87
37
19
145
7463
137
189
2375
896
148
1119
175
598
94
9448
59
531
66
215
9281
697
964
1107
838
347
2906
63
47
9721
4017
86
6404
1119
9972
477
3245
2549
171
7783
263
5551
6818
2912
354
1675
5914
243
9405
9222
7763
315
5352
1675
3669
195
133
6063
2804
8302
5146
1705
7
3692
1833
4017
6836
8302
8259
5658
364
8186
8146
469
3338
1107
5533
18
219
1885
2427
5228
819
164
6575
2645
9048
2259
12
6002
348
122
701
7824
45
375
133
124
5552
911
7524
4124
369
5071
121
123
2254
119
8819
61
1747
342
6547
9458
2375
8147
8416
139
5554
915
1806
134
531
92
139
6981
9522
3298
4868
2548
95
7508
5756
253
405
401
5601
9036
93
477
2831
2626
4001
5348
420
7566
144
4046
138
306
5885
8897
245
4308
452
235
2637
355
133
1067
6657
423
2645
1829
4273
52
337
777
2317
133
3453
6295
30
107
2767
4774
1675
3784
2831
15
5153
8367
190
3753
862
408
93
4829
20
7903
3266
6
5761
2548
168
777
100
77
2459
1492
40
2493
132
247
5885
8575
4868
1185
4673
3109
1318
6676
3349
2536
100
5294
144
130
216
416
7083
6398
5348
2534
7456
2229
203
4868
353
163
2006
214
6567
2887
9494
121
7882
463
133
260
13
4074
6962
303
9002
9796
8049
476
8883
1402
9224
5931
6943
166
4189
8107
7672
216
145
115
6836
8121
3266
2657
2355
165
129
153
3675
3888
243
7074
2621
9557
276
122
7578
8251
7836
4168
80
1059
775
113
124
60
1727
3184
327
5833
8101
8656
2626
503
6124
1059
342
382
233
7148
2826
4393
28
507
8121
2062
231
4925
389
3505
4352
9843
10
8019
144
75
8246
3675
777
9228
6815
294
292
229
6
166
2887
351
8019
510
275
354
254
4316
7058
933
3381
107
4658
6116
4222
154
3753
90
318
107
50
5734
2912
7585
485
1268
454
54
44
226
5153
7672
2355
63
487
8193
217
260
8757
4609
17
203
576
3764
2804
439
6658
7205
8819
369
2242
6195
397
3675
8455
9544
2429
433
235
8967
8225
673
243
6181
7585
8006
7743
489
85
463
723
448
356
6961
7412
5009
165
6877
2613
148
497
22
5074
794
28
1641
3338
293
257
8754
390
928
8362
96
327
8372
6002
372
7609
8614
9291
6415
88
4214
499
4216
3114
302
707
103
320
1461
8256
862
5548
41
6715
435
240
6812
1781
7585
2355
7743
2
8397
4983
5348
3263
2387
352
3798
589
372
8883
299
433
8854
9314
562
1458
777
862
14
723
8703
8302
984
6547
363
4938
39
697
9999
3184
2087
9109
531
6696
7119
1418
614
6772
281
416
7301
4137
9221
3381
642
193
445
7755
70
461
192
80
428
2355
2534
8236
143
6812
1458
712
504
4418
5
7148
4949
648
7138
7439
707
6853
3609
634
423
142
247
194
1487
796
9285
5701
1333
707
504
5734
104
577
2301
503
915
6676
683
9326
462
5228
622
149
777
9989
595
4352
9626
512
648
2063
69
348
695
526
313
7017
113
8961
3943
4627
6827
591
99
4375
7448
8696
5554
8138
2994
1358
4124
445
178
5601
7597
8446
46
156
6198
8259
7736
7057
2259
164
583
1168
8052
8531
8541
9948
5014
171
692
39
473
159
529
106
239
5583
73
4949
575
7962
675
98
381
480
37
506
5139
224
8142
2645
4305
41
376
696
405
6521
5783
398
1049
237
8147
585
1328
6295
439
1528
132
4414
3766
8328
3801
693
70
7
6056
915
7137
215
1785
7301
6853
544
121
229
240
39
3956
5464
4138
5836
431
61
2
4063
8799
757
694
224
797
781
673
436
1402
408
534
746
4052
706
203
9275
500
434
244
9013
3048
215
3664
638
5215
3148
748
6282
506
587
457
8851
7329
2429
451
636
4881
355
517
521
331
5294
8294
704
4867
8142
3266
5275
204
528
8842
2259
5452
733
861
5292
7732
389
796
7074
8611
3298
8611
8765
5212
7638
4964
7903
3231
125
3405
802
150
2896
4868
5228
8268
153
677
366
531
5951
9071
452
292
121
337
259
410
1649
653
8575
8138
691
4686
1978
7122
3793
2417
9905
6404
2776
2645
733
295
643
768
796
114
367
457
7194
6195
5027
117
149
413
2879
8792
5
166
682
8376
6506
162
5671
319
704
74
3103
8238
8916
99
130
8147
660
1489
409
5898
5756
71
9019
794
383
9835
6622
9842
118
8575
3097
164
627
7099
6428
4352
6866
2626
6618
2942
468
272
175
3872
754
482
7998
905
376
442
6691
552
7931
670
31
8222
226
620
3314
7827
4588
386
4607
3942
656
909
420
2535
93
7621
5734
405
288
5176
5348
5053
731
683
996
2033
240
347
611
4938
5187
4047
6328
7083
7891
1069
35
8388
6191
5583
8256
314
8707
693
127
5571
355
478
434
6342
539
84
727
3838
252
1984
9101
6596
245
783
789
683
453
351
6134
4652
687
634
1387
421
6888
485
3956
183
8376
1485
909
531
697
337
9071
448
377
909
925
9545
484
348
6116
4663
7366
421
6195
3288
7071
9109
3097
1118
724
754
592
5043
907
79
5034
1322
7403
279
8111
14
4
971
4893
359
7148
5043
909
2317
622
4626
3078
876
754
3559
7998
146
685
167
6958
3547
869
607
4144
3097
52
268
4954
949
398
385
408
402
9064
31
908
2763
4115
42
7557
6405
346
9552
2878
235
309
1946
2612
786
8046
6099
331
41
946
1927
111
742
8223
175
298
4881
272
5322
671
727
644
6529
41
315
4959
208
4803
4337
1005
861
4707
254
2697
464
512
7877
1015
683
195
789
877
100
1008
167
1031
4626
3616
135
694
372
435
6313
4375
4001
4771
761
2244
871
8974
387
849
738
5057
2116
1539
745
2483
5954
126
1065
824
5248
7962
812
6277
1040
1418
7021
370
7301
697
1215
3983
8452
3454
7057
3983
4189
9989
224
5902
14
452
2169
4498
1929
4322
1215
11
144
327
59
76
5164
7755
8052
2799
612
244
808
273
9536
995
9256
244
806
3604
5949
214
359
253
8186
584
656
828
622
8943
779
449
2436
214
215
352
8703
5236
1399
939
7817
4881
4532
806
566
588
2493
6295
1816
35
503
9859
3593
3984
816
5139
9991
8787
757
7557
5774
1498
7125
908
50
559
744
6491
829
9647
404
645
663
2234
24
368
7131
589
8142
1383
1087
8659
7119
8225
77
1116
757
1433
429
723
5038
125
7493
162
95
508
946
2849
7455
395
9117
9799
604
2009
675
5752
1492
4813
8568
4607
7412
2418
1768
6448
4541
424
1039
247
7057
40
4705
4229
5367
6309
1019
306
4774
5787
1917
4861
604
9912
607
565
762
9301
296
1073
7725
371
6276
5368
972
44
702
504
5574
8238
169
2833
3199
6064
8864
520
1069
819
1126
6387
2069
6008
4586
613
10
5567
412
208
495
328
1084
3363
137
239
5926
9301
2
8435
497
955
1189
167
218
8217
1007
272
947
5139
5793
1687
568
783
424
796
9999
7903
2645
8049
2437
5164
4798
672
497
372
498
1202
2869
601
285
6325
8144
1070
478
990
8655
2232
753
804
299
4043
59
6086
59
698
72
7395
179
164
446
8782
981
7162
633
72
1197
442
589
793
6617
588
768
2266
929
414
217
400
5547
6842
261
1244
3606
583
5013
7824
1978
14
849
1164
1084
3456
595
333
643
207
742
6491
3193
8851
8672
2424
1191
122
708
2764
5019
215
1125
1161
1133
1026
4543
1314
735
8439
3457
1003
1006
9925
301
8941
666
7715
1946
6249
8834
4144
6234
8368
6
9514
8769
5139
4755
1045
4229
645
8424
1159
449
5121
2325
4084
1072
1624
1150
610
413
777
717
244
537
8246
9999
8774
8354
1333
761
526
3571
397
952
8049
1368
4376
2413
4199
5674
1184
758
9188
389
4216
1682
6524
4314
753
1442
745
942
1931
484
421
7623
7585
7591
7208
5292
804
2879
815
884
3615
2162
878
41
8621
1161
6091
9397
5383
1110
54
919
4661
1266
7635
9551
9634
5423
6701
3307
261
5998
1016
6869
2177
636
9914
1313
910
6461
7787
8961
1579
2855
9589
9233
5368
6454
752
362
899
4178
1213
4768
9439
743
9543
3405
878
953
8559
561
5998
16
3302
4639
4111
2917
5871
152
1664
340
631
7928
301
5352
9799
1033
62
6197
1366
1042
506
899
6054
513
5739
3893
3308
9765
8103
594
7929
383
2087
4037
14
4174
231
4645
5163
3807
3027
363
8944
251
215
299
5906
3315
7831
1037
1024
127
8767
6798
5232
275
9291
331
4639
3459
720
3133
9536
573
4748
7366
1265
572
1151
386
562
5646
1031
7911
1684
4735
7765
5348
4459
2493
333
2224
7205
9364
4471
9568
1196
6573
82
5071
5583
9364
363
4798
222
1825
1093
77
132
2242
5392
203
8314
2943
2304
4747
4063
414
4086
815
1288
57
254
7988
4558
1277
7672
3547
753
119
1081
1324
3496
39
2519
1289
5701
1238
7688
5037
352
2514
9412
1455
547
7122
3226
862
898
1037
213
8674
418
197
3257
670
447
518
6063
1147
7099
5463
5942
938
1430
6325
3168
7505
952
1401
7128
4517
8499
924
6543
1468
1284
2545
7814
777
3728
680
8259
1161
3291
9188
1077
3569
7831
3547
3193
6874
728
454
4034
6342
9474
4672
420
4538
4567
592
7137
464
8212
1405
784
2242
3351
89
944
9741
2429
334
5699
3596
164
4985
8179
644
1142
8403
2925
4042
3276
877
389
8695
4765
8653
1526
1387
326
299
2009
3567
7877
9914
517
1576
3039
364
2839
5816
1486
503
214
7258
7259
202
6806
99
2429
9408
7047
104
5845
7563
4283
1198
7
1409
7692
940
3955
9644
2536
8618
9037
4041
678
4982
402
5438
133
441
125
863
1005
3341
747
182
876
113
935
1191
3006
459
245
1514
1058
1158
748
3942
388
1559
7705
1299
4937
1110
450
3724
154
54
823
1191
766
7635
7926
643
716
292
1340
424
1404
9999
4866
275
558
2514
912
6874
241
471
595
603
7846
589
8163
425
7409
3835
566
7509
6815
8837
1432
3349
66
9594
1528
8819
2777
7023
1341
573
4186
2559
4399
1624
956
478
1407
611
1416
8074
1545
8591
2259
1125
5156
9656
349
8384
1267
2504
787
26
406
6122
2942
8968
309
8672
1158
621
2314
183
8554
1616
9429
34
380
4897
747
1177
61
6566
6373
926
1327
1574
4044
2125
605
4144
6418
9028
789
8883
9222
5593
615
3226
4687
4459
7228
8055
3161
1477
3027
2443
2021
1291
1785
9306
1806
6988
3724
503
1059
4144
6446
1599
171
1053
2545
5485
1617
806
501
1719
318
8568
7732
7576
247
91
466
204
178
4061
9593
1268
2229
885
7661
4867
60
4801
952
8699
9819
8341
1140
916
4188
494
1517
4015
9721
1485
4111
452
632
1336
275
129
1274
312
229
1192
1852
194
1398
7562
1426
2305
7081
843
450
34
785
6746
385
6457
1154
2437
8944
1836
1204
715
8034
8751
4142
56
1696
7273
593
9991
2657
6709
5423
4898
2182
803
1436
2395
5074
9906
382
8376
521
1835
4186
6294
3
1541
8342
1650
6895
6342
1264
662
8407
5629
1815
9601
4189
1701
8276
9552
1632
643
712
471
814
1514
422
777
51
256
9036
7
9894
6696
1931
753
1739
3678
9515
1299
1460
5603
8547
477
1052
1065
6153
662
1491
333
1522
5603
247
1082
412
5172
461
3784
1718
3195
2087
400
678
8281
4897
1283
9041
4751
3262
7784
75
2453
8348
7017
373
1745
4604
3913
2657
831
6929
2342
2777
9745
3956
106
1656
2118
7836
1486
4838
267
8112
1894
315
121
151
891
1252
412
3913
9986
1753
4838
1342
1035
5181
285
5985
7898
6237
6869
3267
8227
1676
8524
744
8193
1274
1331
321
6713
6099
233
8884
7506
449
6277
819
1650
1442
1460
4131
295
530
7078
927
374
2118
6565
833
1975
1586
1108
394
337
6018
9041
1992
4623
873
733
6661
1606
1070
1676
23
317
40
9514
3026
1
430
483
1727
698
7605
8279
379
1839
3601
27
1451
3571
911
9843
3445
1958
3101
1210
129
8131
6841
198
9986
3402
5242
3975
1256
4899
5156
7672
7997
2871
973
9828
552
1951
869
7556
1463
4892
1263
6917
9712
4639
7653
5791
395
656
1858
6651
3689
1378
1769
1185
2767
999
1381
6106
7836
1068
1566
1659
929
8397
7903
1428
800
4836
412
695
841
1857
49
7173
6524
7557
987
5845
7639
1664
219
431
1482
648
4748
294
1054
848
9979
1022
781
2605
6808
1175
835
4506
352
3736
9634
1440
333
855
9775
1083
753
1886
445
1820
1469
2672
2961
2961
3591
915
705
1716
571
154
1279
1068
500
701
4677
1022
1518
3197
454
656
2846
4556
6898
7474
5596
1224
5884
2519
146
2641
4498
1206
837
8961
915
4043
3353
6197
731
9385
6137
7718
522
571
374
4768
342
6119
7975
1650
7969
2112
3892
6
9963
144
280
1601
9534
944
1917
2492
6818
571
849
3722
9835
5198
5476
874
9903
5321
5492
81
5299
6264
7861
999
4203
2884
3055
1443
565
972
5634
1668
8976
1255
1063
3865
368
5756
1343
1974
5190
2109
1753
1483
1469
8438
8094
3119
5779
4594
4515
1759
9644
9067
906
5792
181
979
1662
4693
3082
7048
281
612
3639
445
9697
1439
2833
5494
6506
2157
250
2657
9474
917
763
30
5382
5389
746
7997
1424
5671
4893
1797
6785
189
366
1299
2635
6325
2424
2372
99
57
5484
1001
1292
6428
253
4587
2354
3176
496
8428
1498
1105
9367
1263
55
6734
6729
6565
2839
8867
6
9502
738
1279
5787
868
1998
7846
2767
8541
9538
1334
2125
1201
1510
2917
9796
529
9905
3417
1984
1544
3487
4587
2036
3942
4404
442
1226
1559
775
888
6313
257
1458
920
3123
269
1369
585
1349
576
9445
8997
1347
789
2157
373
5154
334
315
156
6217
1927
285
1382
6929
3128
8936
5619
5237
1384
6888
3603
4229
1910
8136
1664
1695
4346
864
1343
414
795
9276
5015
603
2054
664
483
1225
1455
3736
8631
519
203
675
3026
885
1564
1998
1794
3601
1565
1607
6189
4096
1682
333
906
7712
9666
5678
4258
432
7639
1933
145
2126
1873
1742
4796
171
58
7052
3352
798
1932
8348
1279
9732
1954
3325
1469
856
3191
508
308
7431
219
3293
3085
3161
269
7205
5067
3678
441
1093
8866
2015
5045
2138
590
6231
329
787
532
1412
3492
3519
63
2267
6787
4405
4982
3809
5392
8217
7927
1799
7688
302
4389
584
146
2044
1822
1714
8284
1797
4954
561
356
2095
1113
2065
1102
3481
512
9002
459
1000
8136
2199
1657
151
6842
6806
418
7518
1215
1730
823
4829
2109
206
5674
8983
2437
288
6
9595
2366
116
8166
5961
9666
158
1798
2206
8198
1468
1916
496
9912
3184
9903
683
2157
1186
310
733
899
1064
1485
699
676
8558
466
612
2070
1375
6637
1938
5443
7846
894
7431
644
16
667
1098
403
2836
681
4532
3876
7099
933
7751
1219
795
137
3753
1970
1360
1479
2054
1667
1577
1833
1598
1799
1744
108
1608
3
708
1976
758
7548
2759
7888
61
7094
2894
9478
707
1472
7802
6569
1259
9914
6966
1954
351
9385
5789
1701
7259
3756
2229
2013
210
3197
8611
5898
9991
3575
3837
4558
156
5932
2157
6245
7796
693
668
9958
208
7591
5176
1037
5937
1646
7563
7821
1290
9587
2693
735
6068
1383
9303
5321
151
4868
513
9433
8596
276
7071
697
109
9153
2201
9571
1211
5237
230
3835
1533
1515
6998
1584
7772
1870
45
2061
926
3118
1799
9543
6504
991
3865
2057
9143
9624
2200
3578
2216
1314
5881
9202
1316
6731
5367
8084
61
181
836
1783
116
389
543
2004
8292
5948
831
6423
4854
427
9589
3603
462
2943
2078
9543
933
2067
5183
1416
8664
2213
367
5612
2065
2186
1011
2258
1527
146
806
1173
6939
5666
1991
3942
2978
2861
5619
320
742
1029
2379
2305
723
4236
3568
4008
572
1276
1011
1532
1286
63
8866
9449
2144
3824
700
9828
6895
2194
323
7755
1607
6092
8246
4558
4223
45
6011
6637
182
384
1662
8242
6102
1058
2019
562
4511
105
81
496
3234
1110
5029
153
4779
472
1636
1472
4784
86
2125
3777
9408
508
1089
134
7323
2439
1342
4666
2598
366
172
573
925
2015
3043
6554
877
8997
3262
2211
357
490
499
8563
1108
6982
2128
6622
2262
2138
4094
6495
3245
303
8872
1146
926
7787
2942
4449
912
8729
2265
8186
8703
1102
9064
302
1194
8596
1076
1671
8854
3606
1693
8607
572
8553
401
609
1588
757
1278
629
466
4241
291
9581
969
730
3769
2065
2272
5607
8706
2445
26
513
7509
6688
2186
8918
4893
6818
159
533
7184
4968
3024
1257
6969
4831
1701
1824
4446
3957
383
1663
401
1779
2094
3082
5392
7888
4573
6898
2763
3793
857
5518
1131
7765
4964
3119
8568
3398
2437
1127
1917
2059
1699
6982
171
6874
9894
8519
1248
6131
110
4655
6969
1391
9754
2445
842
936
976
7903
8856
556
980
3422
3585
91
9113
1262
1871
1737
1094
5066
1937
113
788
1028
8717
7777
928
2213
2436
3085
5643
4975
678
2673
7762
269
3784
903
676
1698
2305
4186
1604
16
2282
791
5811
456
91
4121
5054
2267
1929
903
8321
8034
6723
1346
1864
5961
1530
1118
3756
8976
1296
1945
1995
2180
6744
3406
2328
207
6245
8918
2768
335
201
3404
8341
5803
1170
1772
6165
698
477
7258
2032
5419
135
7104
2133
1696
6966
4728
8765
9034
8012
7289
1698
8755
7573
5726
6446
5035
2875
592
174
2384
1123
7104
9195
766
7146
2722
6072
2207
535
464
1203
838
2169
2528
45
4937
9721
1726
731
2157
1844
9408
319
3459
1679
273
5116
59
1271
1327
2133
2002
3166
6562
3951
2432
6902
8149
1825
3023
474
9965
6656
2788
1888
3229
8708
2380
6839
9742
6352
4391
4507
1669
1574
6676
4607
2921
9931
2767
207
9429
3043
2424
947
641
1131
2431
9128
628
9536
9418
1173
7453
4541
5449
2598
1911
9168
5796
7128
3558
1308
2168
2284
8983
5263
1189
1489
