154
187
627
639
2922
1116
511
1749
4187
501
923
3577
4902
2607
1624
4186
5032
1211
78
244
50
1133
6902
5698
5015
6806
2799
8876
1046
1354
780
1763
6577
5029
667
1125
704
9696
1652
174
5832
1726
1653
8825
435
4873
310
2597
8157
8074
1787
945
2745
515
3579
203
7473
9499
313
1029
79
4101
1529
820
6312
5242
5422
618
207
1001
2558
3244
437
5011
9733
1776
176
299
1440
5
650
37
4789
1579
764
98
575
1422
1584
617
790
9544
180
6976
1122
815
1592
2107
231
804
5373
49
9593
156
5031
164
1541
1371
71
4211
3617
6835
1125
1649
1686
5388
9722
1389
1687
589
8885
1892
5288
5886
236
974
1303
74
640
292
861
596
187
461
1189
1481
923
470
1339
5923
2253
116
368
8569
537
1771
1032
672
1667
5651
282
8322
3882
426
7891
1326
342
6057
145
608
584
2696
9246
1473
9045
1202
1632
1324
1281
1646
7784
9276
557
8846
2509
9059
1204
666
1036
814
4157
8835
3671
6272
491
234
1503
56
1536
1463
3693
884
549
1545
283
8461
841
1782
290
8463
5255
614
135
1812
6799
749
126
2596
1501
1677
1025
7409
1776
747
4253
1182
7784
1766
1328
992
9438
839
182
8833
1596
921
1344
277
9259
3798
5192
4403
405
119
1153
477
6896
60
1329
9509
329
116
1005
8876
4595
1029
353
1140
170
9091
1812
3529
565
9513
1367
6932
1077
1876
479
5201
6363
1864
994
431
8463
1796
699
5655
4299
449
8384
1193
7079
9072
6379
150
4127
5053
9
773
99
577
1216
147
1019
705
8286
5276
1820
812
1023
360
6363
7819
1185
327
2204
7117
7153
253
9811
241
8445
1768
6335
2301
1181
9812
3236
331
581
1760
8796
1422
8881
6139
7648
4022
1710
22
6399
307
590
185
9351
1024
6379
957
2231
670
4342
585
8231
5388
693
594
4175
138
518
1353
1568
1664
7091
1362
4942
5134
1143
3938
715
1334
8762
351
4558
4441
1674
4152
6979
77
1025
1556
4368
113
4011
1646
1541
898
981
59
1712
1848
7829
6716
19
9453
1152
1820
266
3307
1063
1556
1964
957
3384
8848
7301
745
1304
7264
1837
3933
333
559
507
1627
7483
1214
657
6337
1653
8642
361
5582
1470
4225
1809
805
159
7751
5611
8893
767
1087
1087
9424
45
1666
342
415
1696
8841
82
871
1259
898
1722
8286
616
563
292
1873
8219
1647
1526
1648
5076
5318
49
331
6577
6735
7064
1659
797
93
5943
231
438
908
168
1615
867
3414
664
1036
793
1820
469
81
1466
1933
5181
1428
2447
1239
1179
1232
463
923
585
2902
1581
918
572
1461
39
8658
6412
8821
1783
3693
7141
1045
8314
9713
368
61
1901
3838
8433
7898
4958
9241
4325
840
732
3859
6333
2461
1187
727
8723
8103
7381
7143
2784
1349
185
1833
1542
4635
4134
1652
519
1819
727
2125
434
426
1928
741
317
6749
754
5736
1473
550
432
9128
1167
1402
1758
395
2351
454
856
8416
1216
1541
1252
86
1221
641
68
9666
1268
963
5012
9989
557
4492
1358
507
6973
9665
1584
6749
1686
285
1058
2226
1699
1740
7856
15
9451
404
755
1118
1569
5669
8224
1473
3524
8978
1373
7217
706
8712
1686
1698
320
826
935
6932
3236
4326
932
6431
725
452
1291
374
7964
1773
3337
1203
1693
292
4347
8175
1365
6164
185
1074
232
7106
962
5435
8259
6594
6486
426
1271
6738
1045
1611
8479
1278
273
1061
6309
2475
7388
5066
4956
35
3819
3981
4801
1410
383
5702
195
1680
1209
1087
683
646
954
7409
529
1585
600
1754
6345
563
894
8168
1124
4163
1857
1787
9269
725
8175
2496
666
7176
1375
154
264
813
1678
9495
6218
344
56
1653
1819
8384
1791
9185
1380
1576
602
8584
9118
1532
1116
6131
378
2504
9885
3065
403
1697
1325
1972
892
8642
574
9184
2425
3948
1893
583
3337
537
653
1666
1611
1963
7945
5401
4868
2513
2054
9436
5841
2014
3412
8049
6383
5522
1641
1613
1000
5655
1486
1615
1534
722
393
368
713
836
348
239
2641
256
4544
1673
1300
311
1016
9227
650
2763
944
890
1551
7596
7529
1387
1531
24
9867
1696
6319
9595
785
1192
5441
1272
6879
565
158
5429
8485
1366
618
8738
1061
1652
4877
203
501
1307
1112
9643
8437
1569
1278
1078
1198
408
8696
789
2616
2022
866
384
361
878
1641
4265
6716
1096
7533
1320
1001
727
1516
3244
8299
504
7829
901
802
78
1346
1358
6705
8445
869
6467
6714
39
8963
1038
1387
207
3946
4457
1799
1517
8965
9477
1131
1185
317
566
693
1311
3821
840
9017
6997
9091
8764
88
193
4462
6283
950
1154
1074
3549
9436
558
9254
5836
6904
9842
5965
1184
1517
2776
1044
1205
1254
1376
1155
631
723
1825
1846
805
796
6084
8127
453
59
7056
1774
9158
6692
1364
449
774
397
2486
1584
1252
4235
534
9245
121
6539
5822
791
942
736
226
1454
14
9391
363
697
921
1767
5522
5475
6835
1692
1470
5366
501
6089
401
1763
5
258
1590
738
9326
7
1273
4215
4738
1017
6466
660
1821
4528
2238
267
516
1921
494
999
807
6538
4832
1859
125
959
729
1315
710
552
6028
6759
5124
1031
5965
749
1114
4425
272
1844
1106
1074
3881
1669
1194
510
357
5459
41
446
3449
731
1693
1001
7
7155
1825
7164
1716
963
5505
535
281
1217
3938
1823
1028
40
8
948
573
2767
430
1355
3505
1649
9658
6
5864
3895
1661
1131
9778
1537
4211
400
2273
7788
5503
1561
398
1564
1643
3393
6667
1280
2256
1537
435
159
1762
8854
141
3803
161
268
8126
4532
1762
4621
9849
8626
244
3228
1151
1218
1828
3228
1384
9936
1862
318
1502
5253
655
1349
352
3073
499
387
5819
5216
2491
207
333
891
247
101
826
7333
862
804
7276
7562
1064
1794
8589
6577
1635
1230
1348
788
913
1174
3159
4271
2178
516
756
1522
865
8899
1127
840
2139
8523
1828
1031
6321
4312
2256
56
1235
2204
1642
1180
6488
1084
1236
1242
9795
6239
736
8126
1352
489
3587
2055
1880
1764
483
1795
4495
1473
2138
1207
1212
4844
5631
1584
1034
521
2155
744
412
1659
7864
1262
6522
3594
5786
2712
1474
1544
6905
1586
9226
1508
6969
1142
1555
7588
529
1684
448
60
2496
8569
1017
316
9707
4113
653
1243
108
303
6471
2143
1868
1109
3371
1729
7172
8685
837
5978
5969
985
298
1235
6235
1571
722
1124
2434
1785
8
4697
8423
1863
437
6604
492
3678
5273
1838
1241
5256
8694
887
369
8141
8568
882
3124
9312
227
996
46
8876
3981
447
1425
5744
801
1659
656
8592
992
8777
6047
7144
5505
520
1627
73
1456
6195
8
383
9979
1516
385
1608
9495
923
1045
2321
7784
1208
5334
37
894
5523
748
8734
7572
1117
9453
7379
2803
906
5765
727
6399
1721
6047
1489
457
3978
759
6716
9899
4334
3776
644
6313
2427
625
558
4995
4992
6752
335
1355
594
69
3648
1432
1132
2451
9312
368
8901
9825
676
3366
3743
5491
435
1739
9447
169
2054
3703
1486
117
1127
3629
9393
1063
1229
1032
428
6162
274
1540
725
212
1571
1214
1169
1819
1482
1441
1053
1084
1885
293
615
811
942
1719
591
3743
1496
1137
1346
197
2823
7599
7292
264
1103
1232
596
9509
7521
4314
5734
5032
9233
963
271
5949
506
141
935
3081
7994
5459
2285
3796
533
1012
9451
8978
3488
2803
802
1213
334
7608
507
288
8479
59
1559
827
3633
9918
898
5603
913
1421
1731
1422
6885
322
6115
304
38
5274
608
9864
593
9918
6239
753
198
123
4163
361
432
615
528
749
105
3304
1416
1264
1094
4678
1875
1876
1745
475
225
7462
3137
1837
1732
1532
2908
3407
1740
1325
6327
2994
434
1190
1486
1712
886
6011
620
871
238
9354
1872
1256
97
5708
1623
8126
1937
3963
1569
7313
2798
462
519
6477
226
8658
9283
8
851
208
355
128
1489
462
199
1964
9705
3988
2253
490
1621
8639
1662
1831
1514
1112
1082
325
1406
7504
1887
1762
6337
970
1798
1842
651
918
1500
1503
6739
159
415
936
904
1387
1566
1452
292
1465
6852
2255
104
923
6696
9889
1117
1704
5161
9259
1627
8821
1668
1121
1342
1520
7797
9254
503
1548
308
1305
222
373
391
540
1191
1051
1441
347
859
6702
707
9926
1049
9
1836
58
962
872
9083
1537
1871
1549
9778
3648
576
9917
8219
1652
545
8135
8286
3895
6443
1078
4929
823
1719
9757
1634
1206
1041
2465
4818
758
5631
4175
9118
8848
2561
1646
4672
5611
462
66
2803
1444
5244
1001
790
2641
86
652
8878
579
5522
942
913
1831
816
1769
477
5145
82
8067
1310
3185
898
1792
1666
1338
638
54
1107
1536
304
361
90
28
6647
7242
775
7648
6488
534
6952
5116
2086
5698
654
1462
1624
209
6727
83
1683
240
1001
7793
40
5943
1381
491
8072
6235
56
4672
2823
841
1844
741
425
1594
5885
8985
287
796
1170
1549
778
157
5022
4588
2205
3735
63
4889
2301
6969
8957
87
1283
4458
1063
1406
9254
1406
32
206
2283
856
646
169
2393
1869
8881
1643
1376
1554
2076
1220
327
806
17
983
7164
4775
7227
604
83
6966
156
102
9647
6633
1841
467
3334
5389
9661
611
543
907
6229
759
786
1468
5836
5124
2799
2054
6548
284
6041
6447
641
1592
1528
1232
7372
4441
3801
3443
9023
470
1025
2434
641
400
236
339
5839
1006
5415
612
954
632
6115
5409
1549
1467
4016
8761
1392
216
935
56
1049
367
1007
6239
1248
8171
316
5245
1153
187
722
686
599
1244
1777
951
1011
620
846
2305
6164
1682
237
8445
1805
392
298
8555
1625
9176
110
248
660
147
1058
1832
7792
116
383
1179
449
516
861
259
787
426
89
802
812
9009
7699
993
206
758
1639
599
3041
1042
856
8142
3784
5145
2654
5781
544
1224
4411
6366
6279
871
738
782
582
42
1244
5664
717
616
1444
842
1509
8823
467
9008
2915
1747
2944
1020
475
7392
6605
1554
1521
1508
531
101
7011
6696
865
1369
8996
767
1762
7003
1765
1399
2475
1323
239
1529
248
6749
1308
8792
2321
5944
7403
5499
415
6279
9382
1756
971
9143
2645
7211
7473
1082
9185
695
9452
1282
6769
337
539
276
1201
7993
9147
1397
558
5408
745
1108
1454
311
4731
9695
6814
2491
416
1789
1714
9671
260
1292
2446
320
370
1592
5383
6729
9873
1459
6553
158
798
2202
5816
95
1698
990
6333
290
1084
1622
1170
3719
9061
36
1731
6574
1803
6727
97
169
724
751
1052
4493
9748
6772
3664
201
872
1765
185
1001
1519
722
853
5705
46
192
291
1612
1867
1232
1582
8093
101
5288
1148
9545
1226
245
1289
5
4704
7464
311
308
1859
371
414
1120
256
717
7175
284
676
199
1089
1728
1499
6681
1863
991
1202
1601
3601
464
6323
4157
2393
315
6466
9722
961
1695
961
8639
3772
1307
42
629
5224
2155
511
968
4833
537
7408
5383
738
1382
1636
165
787
1410
1555
642
6894
694
1863
921
6218
8291
3737
2584
8416
2094
937
1565
2302
4258
1690
421
322
2703
717
235
1155
1519
643
1369
87
2425
3281
1362
4995
1163
504
7516
1552
599
597
1577
1152
383
3579
25
1060
470
150
1586
1163
102
4314
1694
4502
1702
394
3483
295
735
4334
4555
8626
931
3487
140
239
3541
6416
3331
1312
1188
7209
4058
78
134
5858
273
426
9838
8504
9939
20
1255
663
288
503
6605
6904
3068
4056
1609
520
2151
4022
1428
3997
3798
665
772
1718
829
8828
8833
612
345
5425
3342
656
1849
534
1821
146
6262
1802
228
322
4832
8658
1859
9254
4186
5032
6301
687
1717
1018
1763
1276
563
1031
7171
6239
5494
4018
49
2647
753
721
151
660
1830
7582
316
165
431
3015
61
720
1182
3739
1015
70
5122
3983
8795
301
168
7227
7372
1525
4953
5509
703
966
5832
9822
2994
1440
443
1417
839
3981
356
3092
8072
837
5935
15
1160
801
873
538
6602
327
1559
1109
602
5469
1387
293
9924
1289
6672
792
125
1214
4126
3726
653
1759
1784
3014
389
334
367
1642
193
7751
5429
4837
360
571
7348
9176
4192
2987
7008
8597
657
4726
154
1569
5234
462
5934
9695
4491
1620
6466
1801
9312
6805
954
249
706
3693
1269
847
6451
1144
714
5751
1754
984
677
1606
5022
5066
1371
827
1751
1200
1120
527
1328
356
8467
1345
1796
1243
1342
5975
5146
552
417
2475
8312
6742
6898
1338
1368
6646
657
8505
457
6327
1222
1661
81
4588
4215
9693
1424
1615
7795
9516
1845
6198
8
2261
1152
846
1776
47
5721
916
1596
705
1435
2318
239
354
2393
1646
1592
4297
1289
1325
1383
9624
5759
245
88
4738
8463
1878
9862
1095
5902
573
256
545
1062
27
1476
9036
1469
1475
1339
551
2712
1865
204
4421
560
1670
4709
150
1483
1887
2241
8541
1751
639
860
5289
8009
904
2385
103
784
8215
661
5079
8302
7699
87
197
1430
7521
1565
1268
1032
6265
1394
194
5448
1559
7343
1322
1525
1440
1071
5124
4876
6879
798
1843
1018
1049
1272
1332
61
135
8127
9399
961
6809
1784
4571
3772
4022
1509
9176
6333
1472
973
1464
1715
159
479
6185
697
6028
662
6028
443
653
894
665
7719
611
1670
3309
631
1175
6842
4414
1237
8505
1710
4176
8616
7839
5978
2275
767
9542
949
66
6048
363
2316
1087
488
655
730
1943
1034
132
503
1208
6318
807
1675
6089
1224
9136
434
8941
761
1569
1681
995
1727
475
898
2844
759
1360
20
1742
843
3342
3691
1550
1295
87
932
3743
4335
2504
1265
800
16
81
5456
4956
9462
8224
1355
4663
356
1644
893
1216
962
706
86
4315
4127
856
2903
302
7236
9713
2354
1923
4588
4685
155
344
64
9786
2669
1864
5415
5096
1044
1615
129
593
1546
520
3693
3452
1003
5124
535
3202
168
142
1002
799
1274
1146
6349
8423
115
1376
4327
3124
1062
818
491
1281
3522
339
1274
5236
609
1683
9899
344
626
596
5836
58
764
8532
1748
1032
5678
445
4192
8828
1803
8821
271
551
811
1392
4297
4265
8461
1535
1482
155
2253
1045
1403
457
448
384
1559
991
2911
2038
851
137
1873
1647
1579
756
5224
575
117
1867
1258
942
1666
8172
1465
43
361
4691
3352
9353
70
7544
9051
1543
1424
3557
848
8314
4731
8314
1463
1816
5886
3179
7629
63
2446
8045
1699
8515
1752
1424
7918
321
474
1864
9658
791
5795
1762
527
1653
1326
636
8916
7219
2107
5026
9282
344
4849
1726
1814
8626
1501
1377
1228
9864
962
1124
1633
850
240
1054
1060
486
6856
1785
2642
1450
9828
4448
290
2827
687
1054
249
1831
4575
396
1031
1933
130
1512
3735
963
59
1418
9015
1984
5163
4731
8236
586
4775
1792
759
927
1806
7927
1033
1871
735
1103
1557
1045
167
1871
6254
475
1669
1858
206
624
7608
1454
42
573
1324
1084
122
2032
9385
3137
6398
9693
389
8972
1025
6585
9127
253
1139
9291
1092
1659
1719
195
5647
1642
1683
116
4678
961
5442
9629
3498
7185
2289
2977
1406
6956
8456
1345
1335
1158
667
3275
1364
4693
8761
9316
7674
982
1254
9233
1571
494
2393
5058
879
7211
842
714
7684
5819
5066
6692
8127
1080
53
773
1869
930
348
1197
1235
777
3337
2094
1351
687
3173
1143
442
6975
1255
395
8376
386
509
159
1766
9326
5401
1840
1285
3012
648
25
1719
804
6509
1467
568
504
6491
1087
2586
336
375
9226
1197
1618
750
9436
7391
1666
957
45
6385
8132
2689
1560
8047
7301
74
304
582
403
3362
751
6239
1592
8626
1496
623
1031
4
4878
365
1153
9015
1661
1634
5134
56
1375
6442
6522
1743
7865
1777
835
4561
777
43
691
1068
1377
693
7333
384
4618
3449
1541
3291
9629
1068
3648
441
358
8007
729
1674
131
7218
6848
747
963
116
1639
842
685
167
910
9543
6398
1235
7619
9035
612
494
74
1208
411
6302
545
1412
1047
1252
1928
361
6363
1393
6159
703
1365
2513
936
294
2772
1608
554
7114
3983
6254
1260
645
1905
670
545
9253
4544
48
9535
656
1164
287
1712
4342
796
1251
1566
827
172
1778
1501
1287
6313
4414
1117
8793
3948
9373
9093
1185
1240
4834
7225
4462
1451
2893
3983
6491
8061
116
7669
7598
4842
728
573
51
1233
8483
1427
3399
1846
983
1602
57
7218
412
88
475
7003
1271
918
4529
5429
1551
1244
2205
146
4929
1521
5885
4297
732
1515
968
605
1697
533
3668
737
1958
90
1092
7218
1145
3296
7369
5839
1344
7114
1706
1208
9796
1461
1685
1203
8953
8648
717
5582
5841
1400
177
1183
5192
4026
448
2446
683
1115
1074
9722
1639
519
9884
4618
246
243
8493
5987
497
1733
1064
1509
305
606
5111
7703
4724
322
6976
442
1674
7619
1790
1392
1482
8083
1322
1608
1226
8322
8684
837
2494
9862
1455
4868
6358
1255
1289
1068
110
368
731
998
1027
1693
2204
1453
302
9858
1101
326
99
924
1005
1087
8444
5452
1410
149
320
8684
3286
507
8356
651
46
4046
619
8084
6399
4263
7062
23
218
3115
1145
9884
2189
8491
5459
8878
807
589
3662
715
9665
396
1244
4925
9851
3296
6734
3978
622
208
1189
2716
1467
1016
897
1200
311
1225
841
1571
934
228
4152
446
889
8385
518
3765
1567
1087
1700
6823
5116
2124
9086
2292
164
9649
3705
9453
1138
87
4493
1851
1642
1591
475
638
226
234
1208
4834
1820
731
1072
4384
1064
1874
7719
400
938
4701
900
804
8067
6538
1478
913
1339
1414
1412
1544
423
462
8299
7749
1802
1406
841
650
507
1134
1336
1865
11
5253
8694
9672
321
1749
3362
537
66
594
530
5708
9546
3602
297
3524
5073
6
136
4595
2823
2827
1362
2496
5798
2446
134
3549
7907
322
1523
4704
206
1400
112
1867
5448
9672
7646
1099
1606
7731
1676
8461
5802
232
1002
1289
6011
4925
133
538
1630
520
7223
583
1792
1180
8072
891
9676
6587
1029
2151
2032
2283
6466
712
1614
7217
4022
7918
269
592
274
8876
1456
1239
5341
5448
7561
1827
1423
708
1490
437
1768
24
558
1834
2006
8734
5086
1235
2647
123
1345
978
1419
918
379
407
1263
7775
3698
2645
1314
32
6658
4384
1678
8834
8075
158
6363
8515
947
5408
1444
1594
3185
677
827
8491
1707
2726
951
929
6466
3329
463
8648
3995
660
1661
1527
135
9
401
1091
7282
787
1753
2499
3728
207
6294
8306
296
3781
1543
2032
2772
3803
86
1465
1024
1867
7186
87
50
2181
668
3179
7488
45
4491
8339
6358
4844
9316
5641
5334
1287
1709
1001
4126
5522
4817
619
790
226
1394
1768
1882
1875
649
1489
9351
1628
1398
1673
5441
1097
811
244
1397
1731
1598
424
4421
600
5011
423
1481
849
903
1071
2136
396
1862
2321
368
5708
1124
5987
1815
2577
9351
4211
1084
921
389
