7347
3
9823
4
6923
1
7201
6923
9848
267
11
4201
15
7198
1024
287
4144
3
28
3
4504
614
4606
1
4465
24
33
4955
48
1749
7091
30
267
604
29
5841
39
8475
58
5595
5841
552
6322
41
6322
46
30
16
68
9
65
614
28
68
7955
69
9869
7437
8452
406
49
614
867
7347
8475
3
73
6631
757
109
37
9522
778
1002
112
89
106
441
48
9427
724
7903
44
847
39
60
4935
5535
6468
3749
74
25
2006
6
9427
99
3115
22
6116
107
164
58
267
8897
17
116
79
3991
12
147
5394
1968
104
73
1153
97
9222
52
757
5103
6638
24
160
165
8903
8838
158
865
110
5084
129
757
9559
3115
6739
27
62
110
108
94
185
7121
8691
6836
125
2685
6415
99
6888
89
5314
99
757
1878
7006
150
175
199
267
66
8366
4805
12
22
114
94
1871
7128
178
9146
41
92
14
6517
2428
34
164
177
26
7544
203
244
141
1349
141
9542
198
153
91
164
7161
199
6815
4694
5793
10
7301
37
1806
3528
41
388
8242
6
9455
4941
119
110
9376
9014
5595
8547
4297
110
762
209
277
6275
964
7376
3943
126
231
261
154
8202
228
271
2417
304
8475
4809
6111
45
1178
328
219
243
3493
90
589
201
164
7418
5969
7915
338
38
16
258
164
71
2659
4308
6008
333
96
1349
141
2549
9387
30
9443
1049
202
158
8685
312
366
461
234
333
9975
4455
774
100
284
305
9693
99
9634
370
200
312
2351
173
532
5139
5228
5731
4109
7
969
233
296
8302
220
278
83
306
327
2006
7962
86
162
862
290
201
4992
99
8614
355
9315
289
300
6879
388
3941
36
379
284
1299
7288
4342
349
7987
164
8668
494
5834
8457
309
223
9433
9387
531
5862
3832
206
324
6961
9487
4209
9064
1197
13
706
29
146
6295
9872
9657
327
161
1066
8416
7638
489
133
380
25
6352
561
98
4068
272
109
8367
1498
8094
1
147
552
68
353
7976
8615
6907
883
477
304
321
7459
333
6596
7161
8475
46
9243
2721
9048
497
9657
8058
312
4587
533
587
6657
46
666
3245
1574
138
8302
427
3677
2489
460
4455
1755
397
8615
247
584
374
6437
7523
206
229
6124
197
176
2696
181
181
2612
2272
922
987
606
73
43
9573
1871
512
311
338
432
7599
8483
4297
1768
422
634
608
443
9696
25
376
457
4868
654
5989
79
456
305
7412
1323
696
511
2244
2859
1574
419
104
376
3605
6486
66
4342
39
6567
9659
542
796
3094
603
687
5863
6448
63
614
9634
8446
8896
1485
549
107
144
2722
704
254
92
150
596
2789
6929
511
716
740
758
587
475
428
614
6912
728
7562
1574
3985
385
9401
112
2699
284
626
3184
5542
218
753
7194
244
34
250
136
662
1968
599
684
7119
1647
6562
669
5259
7725
649
318
717
540
2535
305
534
4874
647
677
142
22
516
85
8575
526
265
240
5834
61
9862
7688
308
2799
8961
235
7508
368
548
2492
34
227
1498
140
117
4065
1019
121
74
6657
796
9569
5734
9602
11
818
423
6601
200
2861
266
565
4117
3843
382
797
155
838
872
733
8276
912
147
175
5571
4418
964
3609
529
6042
9601
133
3216
7058
450
423
725
17
816
789
7786
7684
880
4155
472
364
532
2078
768
602
8107
944
814
626
7273
733
9
712
7369
325
130
583
739
5654
699
7161
5579
7198
9426
2121
242
691
3605
700
6282
8513
5153
8202
8253
6408
137
6945
3985
5783
234
788
144
1000
718
178
694
376
1663
363
27
881
35
255
1742
8781
455
576
481
202
1574
558
173
268
5352
5221
392
9647
485
31
853
1036
560
7361
1119
57
24
524
200
456
715
790
1706
288
805
292
1663
1000
354
200
893
754
587
8703
134
142
3677
563
559
4626
4836
4308
938
3492
1063
7461
1007
1001
4422
294
445
995
4326
8276
1080
8782
3759
1262
948
2437
9401
2804
7132
706
3627
569
9634
68
846
6387
563
181
283
6966
1052
152
217
656
5055
713
6465
8138
93
9525
423
975
611
221
298
845
24
584
311
3388
3604
1121
966
5869
465
46
1149
6853
3483
1079
882
926
1144
1063
3334
1040
1140
4032
479
410
2244
554
6382
5221
804
343
405
9235
309
1212
94
1182
1084
5128
423
303
569
288
1034
8353
4774
847
339
3103
351
139
6872
1767
8428
560
1113
1151
9111
1349
6325
1021
7845
5829
422
3587
114
91
226
1250
1272
853
8413
173
6459
1139
1358
2767
1098
616
1178
4333
125
960
873
1278
6838
523
6806
161
4903
8114
860
1003
8624
930
992
5961
665
164
156
6453
905
1637
3118
1256
695
193
92
604
6
645
345
996
783
652
400
585
3381
148
902
534
740
3334
3157
1487
990
585
591
2514
152
183
1025
982
1294
471
1303
5487
5705
707
3547
1259
477
9761
1197
588
2254
961
1333
1978
788
1257
7268
121
1233
4912
2659
767
5554
512
794
443
475
115
3951
13
572
1005
616
1624
1313
1100
1294
356
1066
8997
24
688
623
1256
336
1255
348
1349
312
480
1114
697
6052
1397
7455
5871
411
157
4333
158
561
1107
758
9658
2281
75
6443
5871
701
523
295
574
384
9931
959
2234
4908
13
1695
6231
1122
1131
1429
493
6234
7672
775
9659
6895
991
892
4222
6108
8952
7684
5819
419
814
1147
8793
120
1432
6311
568
4694
5104
93
1363
674
1119
568
158
524
148
922
9562
713
169
1283
8829
9799
6387
177
338
9342
42
6223
6313
453
2001
765
1060
1429
9929
8774
1035
893
1
1934
235
2164
1146
4688
2238
987
680
978
1110
5156
1115
7268
376
8684
2696
52
744
8084
1022
7791
5371
590
8276
598
2472
8181
591
6282
863
1455
376
1148
213
381
1561
217
91
96
337
198
9133
2468
8848
6381
256
1274
9841
993
545
980
73
3216
237
163
3417
543
275
239
949
1164
366
7437
1062
74
924
8638
8822
8421
3451
8229
295
1248
1150
579
1606
1279
1963
4651
1492
1215
373
1630
1622
8793
524
1288
187
2316
6929
1326
993
84
2785
3757
671
6123
645
8026
2963
5857
2263
3315
179
1253
1645
7711
778
1347
1453
1297
938
1219
334
4652
1066
808
763
1161
3496
454
1261
1096
630
907
1575
8052
8672
423
4938
1768
622
1273
350
2046
6926
4015
4155
489
2822
6487
6782
2067
8985
8803
4369
99
781
1258
616
5564
1252
1694
1653
669
1026
9631
8864
9669
744
1204
39
1638
3442
2906
351
1077
658
854
7845
8903
923
5979
9296
2185
4768
6518
504
1518
9761
861
1190
1279
8804
5604
3107
3684
1934
8343
743
4537
175
3097
872
1755
535
5146
5577
7158
3546
7508
3575
752
3784
3938
1607
189
5906
7439
1236
5851
1028
3992
391
3902
5037
3364
8298
1402
5013
1524
2737
1816
5878
865
596
340
8515
8384
7203
1394
723
1785
659
6491
9013
1831
243
7301
366
1067
2838
1508
909
1689
7331
9968
3692
1427
321
934
961
1122
3703
862
830
1480
556
9536
184
663
9224
1118
1164
6141
138
8541
1225
2334
260
7408
1580
449
930
9242
846
1750
1612
1152
7205
4322
8621
6969
3682
6735
69
1768
931
1193
449
1909
1683
8511
1915
3837
38
9494
6528
103
1571
1954
130
4522
89
1498
1958
5819
747
986
2413
1800
1502
9296
425
448
1571
9073
5643
531
280
1168
1024
17
1260
54
4
7317
5291
6358
1087
4503
752
1231
731
6728
561
4535
1788
1247
15
281
1591
324
5569
768
48
6824
1870
1746
716
9848
193
1901
655
491
2879
1818
1042
1832
537
1866
126
4836
5309
1606
4261
7146
1634
14
2801
1949
863
618
798
856
8791
3777
1107
7901
1189
1968
733
1744
719
9743
1381
1581
1674
317
9222
684
269
1086
1138
166
1168
1360
9113
1684
96
9195
1310
417
122
644
1660
5763
1356
531
7119
9024
609
4621
1523
464
92
1546
1559
5054
4248
7
8684
1469
4912
1184
9224
1638
251
531
4607
543
334
187
583
1558
2109
1506
9851
3542
413
694
3352
552
363
1281
1666
7033
356
1523
1038
424
9746
1628
2030
281
7649
5139
216
5175
1535
926
2942
3521
1739
1585
7371
9456
277
310
475
671
1441
4751
9511
577
750
1910
1317
6092
5973
2407
1412
1664
5158
4418
4558
3109
6223
9264
2419
6031
9707
1371
1859
9727
895
973
1889
394
425
996
1641
1972
612
6606
6156
7191
1966
885
1243
122
157
1938
135
1209
434
485
9213
9369
9695
1462
6744
6083
2309
5001
8409
8833
3307
371
8942
2459
565
840
659
350
788
2163
8834
7656
6136
2871
2825
1588
956
1364
1469
1276
620
928
113
4487
753
5895
946
9035
489
1956
2192
1762
1825
8281
838
1581
618
753
1212
647
2097
210
2706
509
4729
773
44
4729
3661
504
124
9632
8382
3639
1191
7051
325
5809
5689
865
25
8126
3724
2245
2853
143
1574
4385
9739
1631
993
9073
1653
2066
1799
566
400
1772
801
3614
2632
5496
141
1589
37
1442
391
9215
1320
424
729
2409
168
1382
165
1856
8794
8404
950
2505
630
2025
1869
154
1272
5895
7789
242
3129
173
27
178
1074
7693
360
3698
8824
9827
9458
3546
1236
6828
7533
7836
1873
1397
245
6133
2715
2036
2408
350
769
1033
1234
2256
8679
950
752
1138
2447
1069
1226
1380
9768
291
491
1220
1476
852
453
749
229
1034
1994
1018
42
1196
606
7781
9171
2352
2401
2226
2222
8535
1014
1728
7929
4074
883
970
1638
2076
2921
2437
2166
489
2436
8332
905
4711
2408
8472
968
1037
9927
5869
7458
1863
9522
499
9379
1465
9626
8324
3128
5902
1541
8238
1557
6933
6573
3821
1118
1782
527
2410
2284
5765
9174
2423
1682
9019
3157
3802
5412
7938
6424
1500
991
2461
2493
956
2176
2799
6306
662
5451
259
2497
4828
5652
2265
2535
2507
2155
2627
3262
57
8126
2210
929
8668
312
6766
2355
3445
2229
803
160
5053
1785
451
1720
8325
5048
4216
8481
359
1837
2184
1418
957
5408
5389
4964
1029
9228
1172
7926
4954
1664
1002
2824
1664
605
8584
872
2592
1631
1753
5902
9626
632
411
544
210
2230
8314
1134
101
2260
8033
654
2563
638
2757
8628
7122
421
2924
322
4804
8297
2145
2599
2000
1825
1088
8141
5288
5651
2699
6557
1100
2062
80
2683
439
2795
1861
2052
1725
5439
813
135
2496
765
1881
7052
9207
8405
717
159
1621
2014
1137
1610
5368
4771
9553
2656
7556
6693
9727
2827
7146
2576
2301
2311
199
37
2319
748
435
1284
1933
2186
2757
8557
3627
59
3397
9933
3279
240
2867
1664
808
1726
735
1702
1764
158
2831
846
9079
2622
2705
8144
710
1693
2204
71
2373
899
532
8286
1017
2383
1509
278
3516
5851
1775
1126
539
2299
1633
2808
9508
4
2294
2631
9433
2934
682
4043
902
7466
3664
238
2857
383
317
1695
187
2429
715
422
490
2150
1086
893
69
1559
73
2024
2487
2014
3921
7107
1758
8937
31
8481
9538
656
2138
6124
8089
2456
1661
798
2805
8813
8877
446
2636
3347
4254
2231
5238
677
651
281
5549
42
2138
2713
5532
734
1316
8227
1586
532
5243
2090
1093
713
1264
102
2259
1639
4727
981
2514
1478
8638
8111
1963
41
424
6598
1471
1176
1999
2474
1345
90
2899
5409
7865
9574
3456
359
2876
8964
4153
4778
525
2492
2064
7202
1809
743
2664
1736
904
474
1230
6518
266
8348
3156
1377
32
2825
325
5857
213
1022
1079
6735
2928
4535
3845
9902
8587
7877
3889
1746
2086
6839
1992
8192
989
4052
2789
704
958
2829
8541
2311
134
1368
8409
2053
928
818
844
9
5208
292
6961
2294
2729
2825
1398
7325
1282
175
2686
1861
5829
2966
2515
1659
3609
1699
4719
806
708
5109
5539
2861
2242
1169
803
5829
2314
7458
8967
1185
956
1099
7509
3140
2634
2093
2938
498
4043
7968
2122
357
240
2534
6507
129
3135
1638
8918
68
2531
3241
453
1701
280
9016
1508
7688
3266
7755
838
9054
803
898
2965
9047
2806
4648
2355
1845
323
2656
6865
9896
8996
1692
207
1217
2441
6442
8825
1356
1243
2496
1239
1153
975
647
5497
7697
1287
705
8515
3633
1682
1562
3268
1122
98
2429
3357
3094
1758
9448
1706
552
4267
4981
209
699
1258
3084
65
8884
6115
4581
5307
9056
1697
1184
655
1346
3418
2744
495
3358
9953
2121
3759
1011
6382
5777
2507
1992
2369
4016
463
2792
2676
399
543
2510
1641
2535
2198
2749
4429
2041
1000
329
5812
820
1893
4974
612
475
1791
2376
3213
9738
4419
900
2743
9983
2740
9168
9521
1054
1696
1515
1984
3063
3467
9429
3721
85
603
959
6549
1540
930
3225
9342
8982
6812
2764
5947
1999
3497
4436
4206
277
1771
2391
922
1576
2000
2398
2351
918
7202
267
7767
3349
3075
2334
9781
2012
1052
1292
472
5109
2083
2799
7279
161
638
8646
2038
330
8557
1303
3376
324
630
1483
1042
2929
135
153
943
9474
1205
8668
605
2035
9494
3199
6083
4139
4541
904
2512
2727
5488
8498
1194
8019
3553
2387
5509
1976
2751
6947
9695
4226
1485
6866
9958
3192
1731
2847
5265
3147
8799
792
1455
1616
9041
3556
1690
763
7836
1368
6052
292
2169
809
7869
2522
1598
9991
1805
682
1841
667
1430
3402
2641
8144
301
520
3293
2485
3240
2556
8664
7495
582
2402
1593
686
1819
118
3079
3458
335
3345
5741
5259
9686
2582
1517
4365
3594
362
8213
9352
6607
262
1351
2955
1878
1868
1552
2111
2823
694
9014
824
3234
4043
7093
9427
2943
454
162
7696
3457
959
5541
1816
1706
9841
4976
6476
802
2881
9
6217
7704
6515
8349
8834
3094
3742
478
3052
2302
1722
2929
7999
9581
698
3050
9205
2498
2465
6961
1419
1416
1547
3744
2053
7984
71
1043
1959
2404
276
4612
683
513
2943
6325
1742
1047
3713
3121
8522
5603
2308
214
3514
3094
8758
8513
3345
3831
335
8018
1637
422
8487
8095
2693
4831
