399499612
3
798290279
4
673042465
1
780087421
673042465
909836608
45304510
11
673042465
15
733221826
322442333
205065875
553751129
3
28
3
455747872
205065875
455747872
1
578388063
24
33
565263120
48
274748742
673042465
30
45304510
100704372
29
582078385
39
817310005
58
570501267
578388063
104736691
639854977
41
639854977
46
30
16
68
9
65
104736691
28
68
781982763
69
988116475
781982763
819982490
58073739
49
100704372
154667747
733422549
819982490
3
73
639854977
152293763
109
37
970255193
152293763
202419317
112
89
106
88577125
48
958274576
146199027
743213872
44
200401135
39
60
508193893
557809752
633050129
425021792
74
25
255182494
6
958274576
16540693
363165634
22
611311579
107
34216840
58
44257459
936537758
17
116
79
402189089
12
147
556190488
286579635
104
73
232559220
97
886586515
52
96603037
508193893
640376712
24
160
165
831092492
819982490
158
152293763
110
508193893
129
104736691
983534572
368308142
678090556
27
62
110
108
94
185
703551035
837718172
694796277
125
357186435
627111940
8249998
697286244
89
556190488
99
146199027
283937828
697475799
150
175
199
43473248
66
796426798
505093497
12
22
12211089
94
271648283
697286244
178
896478136
650885
92
14
682780296
322763270
34
164
177
26
731969316
203
244
141
259056754
141
958274576
198
153
91
164
722273179
199
703551035
496676778
559129123
10
703551035
37
288883085
403594925
1135079
61972383
796426798
6
941586863
500814689
119
110
904615195
869101296
612519045
825323863
483719378
110
144241821
209
277
612519045
202419317
731969316
433506720
126
231
261
154
814598348
228
271
322442333
304
844051120
543786416
666685411
45
232559220
328
219
243
388133828
90
96006514
201
164
731969316
644035800
781926805
338
38
16
258
164
71
335821910
477921167
639854977
333
96
232559220
141
319307497
909822078
30
919722664
187193062
202
158
867837303
312
366
76347071
234
333
998218073
490497842
112553137
100
284
305
971710043
18556905
965633474
370
200
312
307548940
173
82504907
521976515
532037746
619173688
437094001
7
161648274
233
296
831092492
220
278
83
306
327
285923213
801792653
86
162
146847831
290
201
512157551
18556905
851324014
355
924543480
289
300
721786522
388
419934184
650885
379
284
206175906
762743351
477842027
349
797918877
164
855710924
494
599352596
844051120
309
223
923958643
917972125
79286674
604117888
420333677
206
54136745
717096430
941586863
468372018
902367593
201241308
13
106208746
30
146
642238959
983465176
970930614
327
161
190039416
835720369
767623415
489
133
380
3119812
644035800
92331183
98
427287521
272
109
843171374
236747984
810884822
1
147
552
68
353
796666732
860890931
698668241
148667262
477
304
321
750459784
333
666685411
735491607
849872151
46
910949637
355191188
890680262
497
968948293
801792653
312
511363633
533
587
678090556
46
105379386
369428564
228415483
138
824343237
427
414789356
312804249
460
487058281
259056754
397
854119033
247
584
374
656019841
763197782
32806098
34952024
627111940
197
176
343109957
181
181
357148574
325352627
149920140
164686449
606
73
43
959123296
271648283
512
311
338
432
781053336
851324014
477575585
256110377
422
634
609
443
971022843
4049833
376
457
544367482
654
613950361
79
456
305
746680013
205495477
696
511
288883085
346097803
229150086
419
104
376
410121218
675300211
66
470570142
40
687349223
965633474
542
122284208
380453462
603
687
613950361
656108884
63
614
959123296
836549255
883808561
224616768
549
107
25591206
345337184
705
254
92
150
596
360759986
707428946
511
716
740
758
587
475
428
98392789
694404491
729
750459784
228415483
449132534
385
924231410
112
343109957
284
626
376916064
582078385
218
753
717096430
244
34
250
136
662
285923213
599
684
715050673
249118161
668287430
669
525191337
767623415
105379386
318
717
540
326212771
305
534
490007381
104032003
677
142
23
516
85
854119033
526
265
240
578388063
61
981493843
773063439
308
353604759
882959073
42136159
756845037
368
548
330967538
34
227
229777092
140
20164773
436496811
167881077
20164773
74
666314137
127975287
965217282
556190488
954139793
11
818
68705231
675300211
201
347569112
266
95281864
434825063
425058977
383
797
155
838
872
733
809520737
913
147
175
583376316
467944314
158546312
405112881
529
609032200
965633474
133
376916064
715050673
452
423
726
17
816
789
772871276
764832771
880
450163618
475
364
532
291012574
768
602
807292391
944
814
626
749116081
132796644
9
128177091
755441216
325
130
583
739
599352596
699
731973829
587856333
738146134
924195586
289906783
242
691
402189089
700
627849291
844338635
547066296
806934592
809150503
660519732
137
703031466
440544530
601857605
234
788
146
1000
718
178
694
54136745
234336398
363
27
881
35
255
248751158
871406275
455
576
481
202
226062199
558
31189506
268
563522732
526188951
392
967663609
485
3119812
853
1036
560
735491607
173497943
57
24
524
200
456
715
790
226165205
288
805
292
224980744
1000
47019836
200
893
754
587
864248865
134
142
403594925
563
559
505865212
527074098
468119341
938
389688257
168509945
750459784
1008
1002
484072706
294
445
995
449714095
809870482
1080
872980416
414516168
198500843
948
304110834
915953900
346987816
730301475
122284208
420333677
569
952089412
68
846
643250228
563
181
283
713687865
1053
152
217
656
543786416
713
655825772
801792653
93
939066867
68419798
975
611
222
298
845
24
584
311
406978408
425058977
1122
966
597214397
465
46
1150
693932497
402189089
1080
146199027
926
1145
1063
382494985
1040
1140
438954409
479
410
291012574
554
645217304
535138146
804
343
65454324
927285753
309
1213
94
1182
1084
531278253
423
48313525
569
288
180266518
825323863
506122256
847
339
362946290
351
139
698668241
242673185
835720369
560
1113
1151
902367593
211836760
644361706
1021
779381214
585512993
68494986
411820998
114
91
226
1251
1272
853
834521411
173
659535998
1139
209567793
340465276
1098
618
1178
477842027
125
960
155973374
1278
693818976
523
686632053
161
519766398
796960756
860
172473666
859922449
930
992
601641497
665
29935073
29658759
653793710
905
229069566
380453462
202512220
695
194
92
604
1135079
109167261
60441613
996
783
112576161
400
585
388923386
30281032
161159732
534
740
380453462
371894961
223096978
990
585
591
319307497
29658759
183
1025
982
1294
471
1303
583606344
579769788
707
417075988
203487178
477
971020056
1197
588
297195260
962
206175906
270955804
788
1257
728407100
121
1233
543786416
335821910
767
593419319
95761565
146199027
443
475
115
437094001
13
104517788
1005
616
236747984
1313
1100
1295
356
1066
904024268
24
688
623
1256
336
205725704
63943824
1349
313
480
1114
127975287
637713359
222016365
766938982
617330329
73735783
157
478117102
158
561
197991876
758
971022843
301165393
75
652393173
617330329
701
96603037
296
574
384
986611054
959
301034430
515940934
13
248751158
631669501
1122
1131
1429
494
651645986
782812753
147867402
959123296
715050673
991
892
452718955
617330329
896335087
762513323
584963451
419
814
1147
878338007
120
1432
642238959
568
489333283
531177299
20164773
1363
674
187193062
569
158
524
30281032
165762328
959123296
128177091
33010845
1283
882603031
986611054
646357902
177
338
936537758
42
650685973
656099271
453
271152542
765
1060
1429
985747823
877701287
1035
893
1
264517715
235
289073503
1147
525073816
295889888
987
681
978
1110
535437633
1116
727731691
70360221
864248865
331425556
9800518
134869357
787981794
175480998
766938982
547099728
591
806934592
598
304149432
799210213
591
627849291
147895916
1455
376
1148
213
381
1561
43063214
91
96
337
198
919306590
306311075
884924353
665265832
256
1274
971081166
993
545
980
74
379928009
237
163
402548014
98868168
45270759
239
949
1164
366
738178387
1062
74
924
854119033
882119136
841188837
409306849
820482172
295
1248
1150
579
1608
1279
270938982
491129513
1493
1215
373
1632
1622
876713666
524
1288
187
300550034
695195229
1326
993
84
343326138
429581033
671
621247473
645
788189755
354392457
595185239
297266244
388133828
179
1253
1645
764521611
778
1347
1453
1297
938
1219
63431939
524373474
187288457
808
763
1161
411820998
454
1261
1096
630
907
1575
804745216
869960008
423
553185383
248751158
118081655
1273
350
276856895
713909764
447214640
464162418
95761565
343326138
678090556
685186134
282707451
899814847
879582252
473149824
20591675
781
1258
616
562300964
1252
1694
1654
669
1026
965633474
888498090
970232867
142207294
202873562
11839118
1639
409306849
359005972
351
1077
125893732
854
775247703
883394337
923
640073290
912241726
294726627
539708129
685186134
504
233425692
965727357
861
1190
1279
878338007
578388063
372945827
433058437
276704039
838719709
743
518142954
175
379860400
872
1755
535
580736368
606102431
749116081
420977740
773381098
423609061
753
431588492
449661623
1607
189
601641497
746680013
1236
599660660
1028
452266792
391
443816212
535453976
400686908
817852883
1402
561154617
1524
343326138
1816
629053347
866
596
340
844500840
830665845
756008845
1394
723
1785
121893387
663073737
902796297
1831
45217427
737836968
366
1067
346632241
1508
909
1690
761937978
991054197
429626141
1427
54595320
166301217
961
1122
430602411
862
830
1480
556
939434489
184
119484603
924543480
190432006
1164
645269159
138
850782833
1225
302389910
260
748759350
1581
89073203
930
906504755
846
1750
1612
1152
749572604
484072706
859922449
707425196
420356364
685723955
69
1769
931
1193
81870592
1909
1683
850348264
1915
434398188
38
948153360
667710189
103
1571
1954
130
498940599
89
1498
1958
613585966
134724841
986
297195260
1800
1502
912241726
425
448
1571
895885728
601589328
97840316
280
191445758
1024
17
1260
54
4
743907540
552648336
649657579
187974269
486767838
752
1231
134715116
694404491
561
503544949
1788
1247
15
54595320
1591
60845126
599352596
768
48
705980802
1870
1746
716
973060412
193
1902
655
93060080
349121973
244625564
1042
1832
538
1866
126
542650375
555386551
1606
465322695
727691838
1634
1725136
347112904
270938982
863
618
147867402
856
889015086
429581033
1107
797898036
1189
1968
733
1744
134020153
975303416
1381
1581
1675
317
907593353
124230170
270
1087
1138
166
1168
1360
902367593
1684
97
906504755
1310
418
122
644
1660
604117888
1356
531
735491607
894411258
609
508193893
1523
92138199
92
1546
1559
535138146
465322695
7
869960008
1469
545024178
1184
933435200
1638
44644850
99053629
503566157
102988248
334
187
109167261
1559
2109
1506
973788701
414516168
75054421
694
390333053
103911597
363
1281
1666
731203160
356
1523
1038
77736522
967728551
233359786
2032
54374807
774336644
570599983
39056258
545389982
228325237
926
355414161
412485438
1739
1585
760607085
933435200
277
310
475
671
1441
508048955
954173341
578
750
1910
209008201
626591936
612480858
309774003
217947903
1664
570599983
488605278
506806789
371894961
647964805
910703133
304149432
617874936
971868543
1371
1859
973317485
895
973
267842573
76347071
425
178840047
1641
1973
612
680140211
636645377
733422549
1966
885
1243
122
157
1940
135
1209
434
485
932230741
942425303
971109489
1462
693075557
626666580
2309
535138146
845545331
895968889
384758623
372
886586515
310731455
565
843
127210992
350
788
2163
896296234
775247703
635499361
353619671
348877871
233425692
956
1364
1469
1276
620
928
113
500052891
753
628757807
946
894411258
490
1956
292847532
244738640
251731707
834819450
155106495
1581
120901774
753
1212
647
285456918
210
335045837
102600707
531177299
774
44
531851971
426545952
504
27757018
967971096
846988630
423276362
1191
733796507
325
620117681
610798062
865
25
819609522
427712308
297548841
350871336
143
230684095
478271656
968244041
1631
993
896999926
240718701
286059373
1799
112761231
400
1772
801
422541673
332752197
596883355
141
1589
37
1442
78701475
908467321
1320
83184428
729
2409
168
1383
165
1856
875820017
847052210
950
2506
630
2026
1870
154
1272
608924894
790411334
242
374153975
37561155
27
178
186351290
777131788
360
423609061
899874067
986522957
951291957
409306849
201365953
705562215
772199805
793418128
1873
212798472
245
638474205
333350274
2036
2409
350
769
1033
1234
2256
882119136
950
752
1138
2447
1069
1226
1380
971868543
291
100645726
1220
1476
852
453
749
44644850
1034
1994
1018
42
198434519
606
784268642
907340362
2352
2401
2226
2222
865319648
1014
1728
800106190
450163618
160567449
970
1639
2077
355968433
2437
2168
490
2436
841825018
168509945
515096764
2408
859922449
968
186379037
989154699
607635850
761756909
1863
943288468
500
926985156
1465
955768923
838399502
378839854
609032200
1541
826398159
1557
708144772
677278982
434542081
193795923
1783
527
2412
2284
597753730
907399425
2423
1682
913527703
379860400
432293937
566732592
799832813
666314137
1500
178852049
2461
319307497
956
2176
348985583
656019841
662
585884565
259
2498
538225322
599660660
2265
2535
329705238
2155
2627
392623704
13746328
816704920
2211
173335098
874917934
312
694132752
314812972
409322650
2229
803
160
542650375
266013157
451
1721
837140667
542436482
470570142
857672687
68419798
1838
2184
224849438
957
585884565
584575598
553129702
1030
938956250
1172
804703673
553185383
244625564
186422558
356347527
1664
605
862068212
168229630
2592
1631
1753
628911428
959075268
632
411
544
210
2230
838399502
1134
101
2260
812404952
654
2563
638
2757
873959680
729581959
81989073
362948602
64118219
539708129
838105019
296793620
338535434
2000
264717039
1088
822238465
564008327
596627420
2700
682881395
1100
2062
80
2684
88488418
2796
1861
287292951
1725
578341553
813
29137236
2496
765
1881
729253639
910703133
850348264
717
30180044
1621
2014
1137
1610
585005860
536456909
951224991
2656
771741477
693017447
976311968
2828
733347460
2576
2301
315419369
199
9800518
2319
748
435
1284
1933
2186
2757
867854286
428236597
13777249
404971380
991031077
401636170
241
2867
1664
809
1726
735
1702
1764
158
2831
165396119
899874067
2622
2705
817852883
710
1694
2204
16170171
2373
171709808
532
837265675
190039416
2383
1509
278
422621769
613973446
1775
1127
539
2299
1633
2808
957270436
5
2294
2633
939434489
2934
134020153
466314094
902
764062341
432293937
238
2858
383
63551451
256175027
187
2429
715
422
490
2150
1086
893
69
1559
17115030
2024
2487
2014
460874013
731973829
266013157
889015086
8411304
860890931
949393540
127210992
2139
642766867
817880253
2456
1661
155106495
2805
898616978
905383205
446
2636
405505801
486767838
2231
578656202
677
127518984
281
597753730
10377035
2138
2713
597214397
143938123
1316
825380785
1586
532
578419600
2090
1093
140891064
211543730
22499412
309774003
1639
531128170
981
331425556
1478
878338007
818884732
1963
10361643
83179552
688600241
1471
1176
1999
2475
1345
90
2899
573180106
800661302
958274576
412940397
68836814
2876
912097515
473398817
538829091
525
2493
2064
750960098
272211767
743
2665
1736
904
98151122
1230
682580217
51857184
843398292
3158
1377
33
2825
325
617027988
41115833
191712817
1080
698843335
2929
516273729
447214640
991031077
872773980
800812937
451087214
1746
2086
708567163
1992
832892215
989
467085757
2790
140938950
958
2829
869101296
316933813
135
1368
856413266
2053
929
818
844
9
559758529
57419722
724076925
2294
2729
2826
1398
758221125
1282
37373290
2686
1861
627026441
2966
332752197
1660
428774117
1699
525674710
806
708
555414742
591973196
2861
2243
211543730
804
617027988
2314
766609542
913072433
1185
956
1099
771466575
3140
2634
293092449
2939
498
465322695
810455197
295707682
357
240
339957498
684150651
28634430
3136
1638
890864894
68
2531
3241
91720131
1701
280
920482053
241772178
788578265
401053038
788835580
838
902796297
803
175349736
375707388
901597923
2806
521386465
318712433
1845
324
347509247
709542693
991031077
919003347
1692
207
1217
2441
676696881
883924673
1356
219731552
2496
1240
1153
976
647
598990825
787341892
1287
705
868289269
429128622
1682
1564
3268
205725704
20914229
326212771
3358
3094
270803086
957581780
1706
552
487357894
556946747
42180327
699
1258
3086
65
907517557
645315445
515027511
568610690
924195586
1698
212658418
128177091
229069566
3418
2744
496
408879633
993370930
2121
438470947
194973763
671496236
618526643
329962614
286579635
319410670
462206997
463
2792
2676
399
543
2511
1641
2536
2198
2749
508048955
290420795
1000
329
617536267
821
281176187
557999733
123986371
475
1791
2376
3214
973060412
506806789
900
2745
996636632
2741
909373501
949387397
1054
1697
1516
1984
386803203
3467
954173341
437526898
18039348
120901774
959
683737833
1540
930
399793873
946021687
891937400
707103726
355409679
638993487
287155967
3497
512597560
486809510
277
1771
2391
178852049
247645276
2001
2399
2351
176653738
743213872
52462415
789168857
3350
3075
318123482
978919243
2012
198415852
1292
472
568486145
2083
2799
752710925
161
639
877476417
2038
331
869338985
1303
3378
64521651
630
1483
1042
2930
26754452
29177417
182533398
958274576
218162703
870283130
605
2035
946866009
3199
641418711
474542026
521976515
904
2512
2727
584575598
861634804
1194
814496243
3553
2387
586927129
1976
2751
717096430
972629770
489848343
1485
711062433
993990413
3193
1731
2847
583376316
3147
880731717
155973374
234170208
251350657
919792786
3557
1690
151544999
796666732
1369
645230097
56571171
302265833
160290632
798955588
2522
1598
998504787
1805
682
271254953
667
1430
3403
2641
820723037
59055946
521
3293
334390825
3241
344241396
879062388
766819210
118851430
2402
1593
687
270608580
118
3080
3458
63572129
409306849
616699073
566732592
972629770
2582
1517
505205634
3594
362
828318317
935151771
692743854
262
1352
2955
276843393
1868
1553
2112
2823
140938950
895575965
164915046
401053038
468099530
735689949
953095616
2943
454
162
787341892
421573749
959
593536906
1816
263832655
986611054
547998570
680254835
802
2881
9
662549765
787635941
684584126
847627963
900073922
3094
3743
478
386852847
2302
1722
2929
813586977
960170933
698
3050
914559774
334113964
334390825
718963128
1419
1417
1547
445431551
2053
812405202
16737848
1043
1959
2404
276
516273729
683
108045037
2943
666851192
265195450
198434519
3713
3121
865709465
597670307
2308
41567734
422917426
3096
880174130
860289602
3345
447214640
64118219
817019213
254475282
422
857029593
820723037
352022306
550176015
816
2349
733796507
186422558
620
658677223
937342487
3050
3827
373597077
101637553
248255341
3201
1314
46173006
508348126
145
2964
1632
778604452
632409986
1689
175349736
448
200
2062
849677869
563522732
813
199
762461670
936529240
528447096
576772539
1511
3139
679
1378
803756206
2045
478542289
1381
1711
1156
144399635
1562
7
272854599
568144234
1282
1114
3737
616
173
871406275
262
556190488
48313525
204310013
527333844
1620
823389023
2947
133278730
982228977
139
609660902
2135
1378
3152
832371113
462155925
1237
974650454
3397
693497728
2761
289189148
223096978
2839
872804669
201365953
2506
96958824
3235
466
70133585
2842
202686763
1913
206091449
824016008
717405708
71251742
2237
3017
1522
3195
85420063
3206
3873
740
1556
3114
660131147
275626147
478631862
872600786
2792
126549247
271152542
3901
205725704
834709421
512350405
748093102
1712
3601
936
35917379
495742488
480
523374189
2258
961847022
445561880
133278730
2164
437
2745
855344953
1577
2432
600363167
141438153
51
3944
467425772
3717
1595
2541
227391310
3071
983165917
1677
230684095
850652623
841825018
915706731
404624563
2957
934
2076
636
2543
2631
1765
2459
904024268
669
1935
1793
4042
3536
476
3159
932054760
547
2839
676
940863230
925065260
738830836
3307
3125
618
237304505
4015
2924
393192225
174914949
470159305
421744366
2483
1027
3068
585836000
2140
692743854
997479655
975011520
1933
596627420
2648
713674907
95761565
745594970
105472260
237300954
2046
468
900728642
553700534
4112
511363633
60
2863
610
583753566
834781674
471
324
3178
884
119
2527
1172
3103
1684
949393540
50
468898967
217947903
213
1717
3618
127955041
631
940863230
5717444
751
684316125
51887361
196594554
588725816
301470581
1704
124230170
623160304
672183381
303765217
468345351
1926
1395
1396
621293867
653032649
785632917
875699573
24238679
620117681
217949290
898185061
273
225893070
638394351
95
655825772
232154636
2413
3513
619836097
2001
800812937
4031
563018588
458328178
226
1493
1006
375213644
2663
3075
1399
3854
239242654
2495
245961578
2991
855710924
382465971
500625180
896999926
458026058
622430515
368003271
1309
1900
203662202
682780296
782812753
308071639
3894
124623545
2573
777832561
375967673
719812946
1247
202645364
1667
2475
2179
840
360564275
438284378
3479
705933556
297888664
888
525251801
2663
486943919
688041064
586570171
675
633675213
3550
749344740
794
399846079
56879187
1325
376118613
355414161
849099383
2307
119146633
142
384
986166397
776528231
1146
295659889
693936718
99975706
3783
305654364
3258
3975
601857605
4202
2591
85420063
803
2711
550796496
3730
317722933
1652
307200546
910703133
771
790320816
