9171
8986
627
639
1187
1116
6969
428
3896
501
923
1080
4902
2607
785
977
868
2776
9544
8658
50
3295
6784
747
5015
526
2799
201
4018
1354
5502
386
6577
872
6144
3583
704
9696
1717
9055
5813
447
673
8829
1727
895
8241
2468
315
338
293
945
2745
515
1126
203
7473
9453
313
3872
79
4395
1529
820
6312
5309
5475
618
8842
4314
2737
3411
437
5011
9733
273
176
8294
1666
5
6157
37
4935
1615
763
98
6636
1682
924
617
790
9544
9027
6976
1122
5242
1592
2279
8676
1626
794
49
9593
169
4852
9095
1104
1371
9648
4211
1118
519
3334
1434
615
791
9722
1943
1687
589
8924
8
817
703
236
1563
1303
9561
640
1788
871
6533
8986
7301
1534
1432
923
7227
2127
5949
1346
9395
7847
256
537
1771
1045
6092
683
5651
8444
8322
4163
356
358
2341
342
6057
145
608
6476
2696
9246
1521
9045
1202
1632
2181
2571
1646
7784
9276
1708
8837
2509
171
3058
6061
1036
5318
4157
210
3671
6132
491
234
1306
42
1536
1463
3458
898
549
1072
1775
269
5181
1711
290
8409
814
6327
1834
218
549
749
9284
2775
1391
592
4171
422
1776
5664
3982
2969
7726
1766
1328
4382
9438
862
182
212
884
921
2255
8469
140
3525
5124
4103
471
9389
1153
1719
6783
59
1329
84
8103
113
1005
8847
4595
4152
1771
3258
171
166
1411
3529
6705
9513
1963
6991
3602
45
7062
5261
6279
1864
4374
7341
279
236
5923
750
4517
381
8384
3136
7196
9091
6507
150
3859
5053
9939
5522
99
6539
2989
147
1019
654
303
5329
169
5324
4176
7873
626
7819
3208
1776
2354
6986
486
8591
9811
241
8393
1768
6335
2301
1257
37
1148
331
6596
1760
219
1767
203
6057
7582
4274
1710
22
6399
8267
590
9008
9351
4172
602
945
1319
6041
4561
6471
312
5435
693
6404
979
138
6842
2202
952
646
7091
2134
5066
835
1144
4213
5858
2144
219
351
4342
4441
651
4152
6979
1864
3887
1468
4368
9418
4011
1646
1099
1585
981
9666
549
103
7797
6716
19
9453
3213
1820
236
1129
1549
1468
1905
967
3384
208
7301
745
2301
466
1837
3933
8091
559
1710
802
7562
2767
657
6252
727
8585
1749
5582
1542
4225
206
5373
9128
7651
760
8862
749
3804
1543
9424
1876
1666
8084
415
1695
8841
9596
871
2737
4713
519
8286
616
563
292
1873
315
742
1232
1435
4989
5255
9733
8137
6577
6735
7175
1606
5345
9452
694
8764
1747
4647
168
1579
4902
3248
6164
3838
5383
183
469
81
1525
1373
5181
1374
2261
2642
3007
1232
463
4528
585
3115
1581
918
572
1589
1878
8594
6412
8821
1783
3458
7276
1045
8319
9733
7801
61
1901
3838
284
7873
861
9282
4524
5113
1652
4121
632
2461
1187
727
226
8103
7381
464
3028
2238
8978
1833
1099
4635
4134
1652
519
187
1653
2125
434
7384
2032
1649
8208
6749
735
5744
1417
6725
432
9128
3325
1885
341
395
2351
454
5087
8469
2764
1541
2773
9576
1221
641
9656
9676
1268
1565
876
1
6759
4269
1358
6981
495
60
924
6856
615
247
3962
2385
1699
381
7897
19
9374
404
755
1537
1609
5647
8224
1464
3524
9008
1933
7217
706
228
559
1697
8135
5253
935
6932
3236
4529
932
6431
5802
7212
1355
7756
7924
1773
3337
3065
1693
292
4347
324
1422
6076
1820
3629
208
7106
4297
791
8286
6594
6486
7384
1271
6669
1046
1611
275
2577
273
1061
640
2607
446
863
882
9835
1086
4252
4801
1736
1765
5702
195
639
3028
1074
683
1676
954
7409
6796
902
6385
1754
6345
6647
4877
8224
1124
1026
79
293
9316
5786
8116
2496
6146
7176
1375
154
8488
813
645
93
639
344
9695
1654
174
8384
245
151
2006
1463
602
255
163
1532
1116
6265
7784
2504
9885
3065
7618
1697
2178
1972
892
8642
573
149
1314
3709
6
583
1162
1701
6265
1440
834
1963
7996
5326
4716
2513
2054
110
5841
2136
3659
345
6283
5565
1642
831
4315
5655
1406
839
1124
5819
7703
432
5874
5128
348
214
2641
8569
4332
608
1302
8172
4225
9254
6157
2763
955
4767
1551
405
418
1387
1129
31
9848
598
6234
9595
5415
2906
5441
2647
6879
6705
158
781
8485
1366
6321
235
1061
732
4735
221
7011
2275
3417
74
8437
1609
2451
3595
3092
1731
8616
789
2616
2022
848
7671
361
1599
1642
4265
6653
1096
416
2385
1001
1641
1516
1178
298
1727
370
4701
1621
9609
1346
2157
6644
8445
1599
6329
563
9825
8963
4081
1387
8842
3946
4192
258
1517
8941
9477
3527
3208
317
6696
5982
1311
3821
5113
9009
487
9072
8676
9535
8936
973
6283
4375
3209
3624
3549
9436
613
9227
718
6904
9858
697
3218
1283
1211
4026
3058
1254
2033
1155
631
1644
1825
113
5373
5356
6176
8127
7369
59
7164
1774
155
6692
1364
7376
773
7588
1301
1584
2773
4462
534
9191
135
6633
5822
5388
4417
5746
8777
1454
19
9309
7853
5934
1581
309
5565
5422
6835
602
1471
805
549
660
401
386
1894
258
913
5723
9276
7
2476
3939
4532
3944
6577
6089
166
923
2423
8506
6951
1825
494
4052
807
6538
4832
73
9285
960
729
2241
710
6788
676
6759
5124
4127
697
1643
1114
4641
8441
1390
3458
1087
1076
621
1262
510
357
786
41
7388
3282
5772
601
1001
9969
7155
1825
7056
542
4287
779
535
8393
2985
1019
159
1028
40
9947
4596
6565
2994
7346
1355
3505
1596
9607
6
5864
1074
704
1131
9778
1132
4211
400
2459
377
5556
1561
7666
973
749
3393
561
1280
2256
1537
7325
159
319
8854
1831
3803
9127
268
8075
4532
1404
4414
9838
239
8658
2975
3217
1218
147
2975
1958
9922
88
318
1502
5253
6106
1349
7927
3073
6957
387
5798
5216
2491
8852
8091
4891
216
101
5253
7333
4953
777
7141
7562
3698
272
8589
6577
751
2669
2066
5402
913
1174
1190
4271
2178
516
5647
1522
865
8899
1127
840
1335
8468
1407
1031
6321
4312
1343
56
2647
2204
753
1180
6488
3825
1514
1242
43
655
5739
321
2204
6986
3859
2238
1880
316
7033
1795
4495
1464
2138
2793
2772
874
757
913
4103
1706
2333
744
412
705
365
1520
6605
3594
5786
1264
1453
1087
529
1452
9226
1279
6969
3255
1018
7671
6905
1684
7384
60
2496
8569
3944
1778
9701
4411
608
1243
108
302
6471
2143
56
1109
1121
1729
7172
8604
5206
5978
5969
1560
8299
1165
6321
1464
745
1124
2255
295
8
4697
8479
1863
7442
6604
492
1110
5322
1838
2827
5256
8765
4786
7839
8208
8618
4806
3124
9267
1808
4068
61
204
4252
447
1754
5736
5326
1659
6104
8555
4082
8777
6118
463
5441
6936
1627
1859
1456
643
8
7674
9979
1288
384
1608
9495
923
1036
2321
7726
1208
799
37
1590
5523
748
236
410
3388
91
7499
2803
4833
5769
754
6533
519
669
1406
1723
3978
759
553
19
997
3983
6191
6222
2561
6383
6751
4995
4992
6864
8127
1355
6404
69
3648
1652
3296
1278
130
368
200
39
676
1154
3743
5491
435
1739
107
169
1351
1063
1462
9393
3549
3895
9393
3703
2678
1555
361
6162
274
1098
725
8828
961
1517
3068
1819
1482
1441
3978
3825
1885
1787
6437
5276
4417
534
6451
3743
1422
3446
2253
8925
2621
395
7422
8488
3722
1232
596
84
405
4314
5734
868
148
963
8445
691
6982
9231
4665
2857
7994
5459
1340
1046
6783
4242
9451
8978
3488
2803
831
1213
8127
7699
6981
288
8479
59
1559
827
3908
16
4713
760
913
1769
1811
1767
6772
8119
6041
304
42
812
6354
26
646
9936
6239
753
198
9289
1026
362
432
6443
6909
724
104
1170
1711
2514
3505
4451
56
45
372
7196
8724
416
1192
1837
407
1565
3152
1146
1740
2344
614
1214
7334
2911
1406
549
4789
6052
621
4852
8725
9354
1872
2574
97
5708
1623
8075
2063
4241
951
7184
1206
462
459
610
8777
8658
9283
9947
5103
193
1771
128
1489
7165
199
1964
50
1050
2253
490
831
248
704
1831
1236
1112
3836
325
1406
426
19
1762
6252
4482
232
1842
6272
918
1500
1306
542
9128
415
947
904
1875
1565
1586
353
1532
6852
2434
9451
898
6631
9889
3636
525
830
140
1627
215
1733
3371
2105
1194
370
9227
7003
1079
308
1504
1810
373
7707
6749
3152
3983
1441
8007
859
554
5859
9901
3989
9939
129
58
962
5029
9083
1132
51
1549
41
3648
6635
9917
8219
677
492
8092
8264
3895
615
3861
887
823
1430
9757
755
3055
1041
2301
910
5617
5631
979
9086
8841
1282
717
934
5603
462
9607
1247
1659
829
1559
5394
2641
86
652
8878
579
765
942
913
1830
5238
1421
534
5079
9516
8093
1310
1157
923
273
1619
1338
638
54
1539
1536
8254
7856
89
9872
6647
7408
802
7648
6594
6894
6952
847
2086
747
6125
1462
785
1806
548
59
628
8696
4046
7753
40
5943
1996
491
8072
6235
9695
934
2621
841
1844
741
1754
884
5885
183
8381
796
3057
1549
778
9138
853
4588
1322
3735
9658
868
1334
511
193
9481
2426
975
3703
1406
134
1486
32
222
2283
5087
592
9061
1287
1869
8854
724
1429
1029
2253
2976
8149
5294
9933
983
481
4607
7227
6371
95
6966
9151
102
64
6539
1391
7261
3334
5326
9661
656
543
4663
6318
1632
786
1556
5836
5192
1204
1350
594
1791
6041
6551
6302
1592
1144
2665
7372
4441
3544
3264
9027
7227
1555
1312
6205
400
236
8072
5839
4272
5415
6338
1576
581
670
5459
1549
1467
4016
8793
1392
8815
935
56
3784
7857
4018
6106
2615
312
8154
5245
3371
8963
722
5975
1694
2625
272
951
1011
6309
832
2486
6076
1422
237
8393
211
392
8302
252
1669
9167
9355
248
660
9245
3962
1832
7792
1844
383
3007
7218
6848
1602
8552
787
426
1852
5321
5274
8982
7699
4078
206
5626
1640
6396
3041
3821
4992
330
3989
5212
1271
5781
6817
2701
987
6493
6363
4852
5742
5491
6488
42
1243
5698
668
6442
1493
863
1509
8823
467
8978
1188
1747
1185
3934
7196
7392
6509
1033
1181
1279
6904
9385
7011
6696
4928
1945
186
749
319
503
1765
1769
1274
2204
239
1215
8569
540
2459
8756
2321
5944
423
5499
7541
6279
103
353
4482
9136
2873
7211
7473
3836
9183
5939
9452
2561
6702
8075
593
8479
1201
7993
9147
1397
1707
5408
5694
3443
1579
8231
4731
56
6814
2696
416
247
1415
9671
8549
1292
2446
8199
370
1592
793
6805
9863
1596
6553
9136
5344
2038
5836
95
1697
4084
6245
8356
1084
796
3304
3719
9061
36
1731
6574
1397
6799
97
1820
749
5651
1052
929
9753
6885
3664
187
872
1885
1820
1559
1474
722
5022
743
9733
8941
291
832
75
1151
1582
8093
101
818
3396
77
1226
245
2393
5
4704
415
8231
308
1859
372
414
3606
8524
1655
478
1791
676
199
3801
429
1406
6604
1863
991
2834
1601
3371
464
6442
4157
2533
315
6466
9705
4517
546
4517
248
3978
2461
42
6254
5224
1329
1726
963
4986
6753
7242
5383
5729
1907
1636
9073
1623
1736
1025
6198
6894
5943
87
4738
6218
8291
3737
2584
8416
1366
4659
1565
2468
4258
1690
421
8188
2703
5856
8738
3202
1519
6195
1369
87
2425
3281
2134
5091
1163
6991
7516
1552
599
597
1549
3213
383
3332
25
3712
7227
9177
1585
3137
103
4314
546
4282
577
7699
3288
8312
1651
4553
919
8706
4466
3737
140
1794
3541
6416
3331
2434
3185
7358
3825
78
9291
5826
244
356
9849
8461
9939
9894
1255
663
288
6942
568
530
3306
4333
1609
6936
1332
4022
1495
1048
3798
6064
5523
1718
829
8828
8828
557
8021
783
3342
1659
103
6781
166
9246
6262
1802
8775
8188
880
244
1859
142
4448
5032
642
687
1717
3939
1763
2597
563
3859
480
6239
5494
4018
49
2647
753
5822
9177
660
159
7648
316
9093
7469
3015
1873
5832
3227
1098
1015
9651
5072
3773
8799
301
9064
470
452
1235
5066
766
5886
4495
5813
9829
1214
1666
7238
1484
839
1011
356
2863
339
1610
696
9936
1160
5389
4848
587
570
8104
1001
3439
602
774
1387
293
14
2393
558
792
9352
1517
985
1058
653
338
256
1178
319
334
7805
1674
193
7651
781
876
360
524
7205
152
4457
2987
502
8658
6218
4528
9171
962
5159
7297
5965
9695
969
1620
6466
1718
9267
6805
4556
8568
5911
3458
2491
1606
591
1143
742
5751
355
4416
1652
865
853
863
1939
5181
427
3077
3379
527
1328
356
267
1345
1415
1243
1342
5975
5146
552
355
2475
8317
541
6971
1338
1368
564
657
268
7193
614
2958
1661
81
4761
3944
9693
1678
1614
7795
9516
1845
6301
8
2261
3213
832
273
9737
740
4761
1649
656
1486
1332
8626
7908
2533
717
1592
1004
2533
1325
1964
9624
5759
1791
9535
4532
8505
38
9845
3775
5902
1684
256
492
1062
9873
1476
9036
1544
1512
1339
6719
1264
78
8847
4421
6738
661
925
9177
1432
1887
2241
8491
1406
6312
4968
5289
8045
4685
2226
103
5475
309
6084
5143
8303
394
9543
8886
1656
419
968
2491
3859
6131
1919
194
5512
1001
456
1322
1525
1666
1071
837
4876
537
798
113
1018
3784
2647
2318
87
135
8083
9399
961
6731
256
4571
3772
4274
1339
9167
6245
1522
4462
1464
1715
9128
407
6092
697
6028
662
6028
7406
653
894
6148
380
656
1670
3549
579
1176
6739
4621
2873
268
507
4176
8696
7839
695
2275
749
9607
949
9658
5994
7876
1297
1544
1717
6239
730
1844
1034
9257
7003
1208
6318
1624
1647
6177
2951
9143
7462
192
5584
1457
581
4347
504
531
898
2844
759
2018
9917
379
5086
1124
3452
1057
1295
9481
4454
1097
4068
2325
1265
5326
1890
9528
787
4806
99
8168
1355
936
7895
748
893
2989
4506
5864
9576
4315
4127
5087
1193
8286
7127
49
2354
2023
4761
4685
9158
407
9647
9806
2669
1864
5462
4997
4026
1615
143
593
1576
6828
3693
1107
1003
5192
6773
3364
9074
9227
4312
799
1274
3242
6349
8483
9331
1376
4327
3124
3705
5233
7106
2444
3781
8072
1274
830
608
1683
9922
407
6363
6538
5836
9678
5577
8532
368
1032
5678
445
4457
8833
1397
215
8445
551
5329
1444
4297
1007
8461
1535
1479
1834
2253
3796
1763
7333
7384
7755
1001
4083
2911
1353
5026
9282
1873
1647
945
5624
820
575
117
57
2565
942
1619
311
1565
9757
361
903
3594
112
70
7465
9055
1543
1678
3557
1604
8319
4529
8319
1463
1816
703
3179
389
9658
2256
8084
1649
8549
1752
1678
7918
8191
474
59
67
5435
5778
1404
6799
673
1244
6319
199
7384
1341
5026
9241
407
872
511
208
239
1501
1928
1228
9864
962
3342
1633
850
8696
1054
3959
6998
540
254
2642
1589
9812
977
290
2641
6002
1548
250
1830
951
396
3859
1373
130
1448
3478
968
83
1777
8987
1365
829
4731
8236
6466
4775
244
1632
927
1806
352
4117
1871
5745
3468
1557
1032
148
63
6254
475
1669
1858
226
6398
7699
1575
39
573
2181
1541
138
1377
9385
3137
6398
53
1762
8972
1025
572
161
253
3261
9254
3524
656
1430
195
5624
753
1683
126
4451
961
5395
9546
3498
476
2127
1219
1333
7025
8503
2254
1335
3357
6058
3275
1364
4495
8761
9316
7674
4421
2763
9233
948
6975
2533
5058
4986
453
5162
742
396
721
5116
6628
8127
3577
9693
5522
65
4687
348
3092
1235
1626
3337
2094
1351
6002
1160
1215
375
6975
1254
395
8385
455
509
9128
382
9276
800
129
1285
2776
647
25
477
777
6385
1498
568
6991
6491
1543
2586
8126
375
9226
3092
1618
750
9436
7391
1440
957
41
6509
8132
2689
995
8047
461
9643
8254
6488
403
1157
5671
6106
891
8626
1422
623
1031
9978
4741
365
3371
8987
1661
1634
5211
9692
1931
616
6522
442
7865
319
835
4561
777
9757
5949
3932
1377
5982
457
7755
4399
1136
1104
3291
9629
3932
3648
7422
7918
347
5774
652
9307
7218
516
747
968
126
1639
1613
685
167
910
9543
6294
1236
7619
9035
612
7088
9637
1208
7483
6302
1696
1731
3789
2595
1377
7897
626
1393
6159
5886
1422
2706
947
8319
2586
839
6702
472
1051
629
2726
1679
1383
6041
1697
143
4332
9736
9476
656
3124
287
1712
952
1622
2596
968
827
9056
316
1501
1287
638
4621
3636
8761
1061
9449
9093
2944
2833
4834
7225
4462
1627
2647
3773
6491
344
116
386
7684
4691
5795
573
1871
2663
275
1739
3236
113
4138
871
9671
450
7561
9476
7196
503
2486
1582
4529
781
1551
1244
2054
9192
4929
1473
711
1004
5769
1311
968
605
1696
6783
3932
5744
1958
9515
3785
7376
3411
3296
453
711
1279
7223
1706
1208
42
1549
1685
1203
194
8648
668
5582
710
1400
178
2966
5192
4026
7219
2446
5981
1115
3629
51
754
519
9893
944
8642
243
8493
5952
7059
1732
3939
1509
8236
6358
5111
393
896
322
508
375
1426
7542
1790
1444
1479
8083
1322
839
2937
8322
243
837
2494
30
1406
4716
6491
2576
2533
1068
9355
368
5769
4333
4161
1771
2354
1453
8264
31
3728
8106
9462
1584
4274
1087
8444
5452
1736
9184
8199
8684
3286
553
8337
6272
9733
1001
6312
342
596
1008
479
23
8798
2902
3244
9893
2036
262
5409
8916
5364
6459
3662
5826
60
396
1244
887
9842
3041
6734
3765
622
232
2913
2526
1556
4225
4868
1200
1766
1225
841
948
4672
228
1029
446
4925
8376
518
3765
1567
3804
587
6823
5066
1363
163
1337
9095
64
1062
91
3264
87
4493
99
1641
913
7196
6313
8777
266
2789
4834
1821
5772
3638
4083
1064
1874
7719
7553
1581
902
4858
804
8067
596
1478
924
2289
1801
1412
1469
7403
1735
298
7648
216
1455
5181
6157
1710
3288
2138
59
11
5196
8765
9661
321
1749
3185
6879
9658
6404
6787
741
76
3602
8302
3524
4968
1893
156
4595
2823
2827
2134
2704
5798
2446
134
1087
355
322
1239
4858
8846
1893
9424
1867
777
54
7731
3487
1444
7731
592
8406
5786
232
4312
1287
679
4775
9255
587
1630
520
471
6587
273
2987
8097
891
9666
6587
3872
1332
2032
1306
6466
5881
1614
7217
4022
7918
8461
6551
274
8899
1574
2642
5282
5402
7561
163
1763
1657
1455
437
301
1885
516
135
1380
8643
5146
2893
2883
9371
2254
982
1419
4562
443
407
2713
7719
3939
2873
1314
32
572
991
1678
8834
8075
9136
626
8515
4612
797
1444
902
3362
677
827
8491
516
1260
962
4689
6466
1166
463
8585
3995
6089
1442
1231
135
9957
401
1091
463
1631
1753
2321
3728
207
6294
8306
296
1093
1543
2032
2772
3546
86
1532
3893
57
7325
61
9722
2351
668
3357
7346
9753
969
8339
606
5016
9269
5641
5334
2393
1709
4314
985
765
881
6429
5394
206
1823
375
1882
1875
6277
1406
126
769
1896
608
5441
3491
811
8658
1803
1731
879
7509
982
6509
4834
423
1432
5045
4691
3648
2292
396
88
1295
7801
5708
1124
689
208
1279
9351
4211
1084
1588
1737
169
2745
884
3337
405
1659
451
677
113
172
329
673
8713
1615
8606
193
355
2616
6954
93
5336
4252
148
1102
710
7043
6491
725
637
1623
6973
1243
7598
1232
1232
1555
1812
4889
1663
754
6504
455
1284
2947
5288
5053
1203
6028
3932
247
1589
8336
2574
611
1470
6363
272
7419
6737
1812
6823
1011
1649
852
2322
565
7666
8536
389
2789
734
7334
215
765
4571
1599
1387
28
226
1445
1366
577
1360
557
914
5145
3213
1191
8973
1684
1196
9575
1754
222
6038
116
125
213
497
152
2769
1202
1619
4995
544
36
5334
5813
2238
3843
1143
4701
1589
6254
6185
1105
6636
1384
1574
1922
4522
488
1251
6548
1497
4902
4704
1497
8184
1340
28
61
1301
1543
9649
4801
6792
433
5087
42
2063
968
1365
1739
1511
466
7462
129
4117
223
8965
3443
2151
844
6716
8171
19
9922
6265
7097
373
6817
608
1321
419
932
5274
3257
7376
1498
745
7857
940
229
8792
1104
4018
31
8798
5491
27
595
5839
355
9543
216
3881
738
410
1410
77
7795
4532
1544
9185
1676
4011
4761
1811
1494
97
727
9707
6923
5617
1365
1023
5944
1147
177
9009
558
891
132
9236
898
6491
9799
1773
469
1574
5796
340
1070
617
2616
6349
9661
5512
1448
9158
753
324
4571
1754
1462
7212
1782
1275
1232
4628
5253
8157
4621
466
1338
8764
7171
9404
7
4775
777
3407
6577
913
455
68
1322
1090
1099
902
9368
1724
419
1196
1411
9637
7648
9453
1792
5045
108
5281
8618
5282
2571
7127
6131
2752
6086
398
1253
15
8585
226
6788
2903
3452
1322
9438
651
5
8792
9205
159
2071
9316
832
7599
2136
812
218
6398
1886
3819
1029
9321
635
4069
3015
274
6144
754
143
539
511
421
1684
3007
1491
147
95
6646
6769
315
1674
985
1125
4327
8286
1491
1019
260
1202
2621
8389
1776
364
3228
4297
1100
1411
2247
543
2855
9726
115
8
927
5238
984
1104
1254
3617
1527
1629
6768
4297
3437
269
9972
3983
2254
3524
393
8916
8126
3671
251
748
3384
214
5885
8524
1722
9796
3743
8223
6092
357
144
1669
1092
8592
5464
754
3302
2032
690
1724
707
1565
338
1416
566
